1566 1
1071 1
1596 1
1390 1
1515 1
1544 1
2683 1
2715 1
2720 1
1722 1
2287 1
2539 1
2507 1
2546 1
1120 1
1100 1
2977 1
2970 1
2958 1
2933 1
2314 1
1048 1
2338 1
2360 1
1837 1
1730 1
1129 1
1136 1
85 1
1211 1
1080 1
1096 1
1492 1
1461 1
1433 1
182 1
161 1
3099 1
3067 1
2271 1
1145 1
358 1
1161 1
363 1
383 1
391 1
423 1
1346 1
1324 1
1240 1
1369 1
790 1
821 1
1070 1
1049 1
511 1
539 1
559 1
567 1
598 1
577 1
624 1
1709 1
1678 1
1719 1
2824 1
2770 1
2802 1
2817 1
50 1
68 1
929 1
951 1
2457 1
1197 1
1175 1
1201 1
4 1
2086 1
2107 1
2081 1
2055 1
2137 1
2159 1
155 1
471 1
144 1
1238 1
3029 1
3039 1
2999 1
279 1
327 1
300 1
282 1
1255 1
739 1
723 1
761 1
772 1
11 1
2649 1
2622 1
2660 1
2496 1
2479 1
2253 1
2207 1
2242 1
2227 1
1810 1
1882 1
785 1
875 1
848 1
862 1
2443 1
2417 1
714 1
697 1
675 1
2885 1
2902 1
2575 1
2853 1
1961 1
1930 1
2017 1
1993 1
1382 1
1865 1
2176 1
1295 1
1014 1
499 1
652 1
1043 1
1792 1
0 1
956 1
982 1
115 1
105 1
130 1
1621 1
1653 1
1657 1
1663 1
2768 1
2721 1
2750 1
2041 1
2600 1
2053 1
1290 1
1273 1
1412 1
1750 1
21 1
33 1
24 1
915 1
887 1
452 1
430 1
1779 1
1911 1
2385 1
252 1
211 1
237 1
220 1
