405 5 7 6 4 3
496 3
116 4 3 2
694 3 1 2 5 7
1113 1 8 4 2 5 7 6 3
184 4 5 7 6
246 6 7 5
34 2 3 4 5 6 7 8 1
1012 4
405 8 1 2
953 4
0 8
16 8 7 6 5 4 3 2
250 5 7 6 4 3 2 1
184 8 1 2 3
0 2 3 4 5 6 7
770 3 1 2 5
770 4 8 6
715 7 5 2 1 3 6 8 4
53 1 8 7
136 7 8 1 2 3 4 5
589 4 6 7 5 2 1 3
516 1 2 5 7 6 4
598 3 1 2 5 7 6
93 5
665 4 8 6 7 5 2 1 3
871 8 4 7 6 3
804 4 7
859 7 4 8
496 4 6 7 5 2 1
516 8
599 8 4
93 4 3 2
334 1 2 3 4 6 7 5
953 5 2 1 8
1018 8 1
880 3 6 7 4 8 1 2 5
145 5 4 3 2 1 8
53 6 5 4 3 2
804 5 2 1 3 6 8
