4074 2 4 1 3 6 5 8 7
4336 4 7
4336 2
4192 7 4
4160 7 8 5 6 3 1
20 7 2 3
2054 5 8
3190 4 1 5 8 7 2 6 3
1690 1 4 6 7 2
1972 5 8 1 4 6
1814 2 7
1870 7 2 3
562 8 7 1 4 6 3 2
114 4 5 6 3 2
674 2 3 6 4 1
0 1
3274 3 6 2 7 8 5
3482 4
3482 1 3 6 2 7 8 5
3416 5 8 7 2 6 3 1 4
54 1
14 8 1
14 6 5 4 3 2 7
2290 1
2160 7 2 3 6 4 1
1814 6 4 1 8 5
1972 3 2 7
828 2 3 6 4 1 5
746 1 4 6 3 2
1004 3 2
918 7 2 3
838 5 1 4 6 3 2 7
382 8 7 1 4
532 4 1 7 8 5
562 5
374 5 4 1 7 8
288 3 6
4446 8 4 7
4382 7 4 8
4192 5 8
1080 8 5 1 4 6 7 2 3
1004 7 6 4 1 5 8
288 8 7 1 4 5
58 6 5 4
168 2 3 6 5 4 1 7 8
1592 6 4 1
1506 8 5 1 4 6
20 6
1592 5 8
1334 3 2 7 6 4 1 5 8
4288 6 3 1
4476 1 3 6 2
4586 2 6 3 1 7
1102 8 5 1
20 5 4
382 5
8 2 3 4 5 6
0 8 7 6 5 4 3 2
3872 6 5 8 7
3872 4 1 3
3702 8 5 6 3 1 4
28 4
3702 2 7
3604 5 8 7 2
54 8 4 5 6
2636 4 6 3
2436 5 8 7 2 3
2290 4 6 3 2 7 8 5
2764 3 6 4 2 7 8 5 1
2502 3 2 7 8 5 1
2950 3 6 4
2636 1 5 8 7 2
2580 1 5 8 7 2 3 6 4
2950 1 5 8 7 2
3136 2 7 8 5 1 4
692 7 5
288 2
1698 5 8
528 6
522 3 6 5
1506 3 2 7
1616 3
4192 1 3 6
62 2 3
4020 7 8 5 6 3 1 4 2
1102 3 2 7 6 4
1248 4 6 7 2 3
