423 10 11 12 13 14 32 31 30
31 22 23 24 25 26 27 28 29 30 31 32 33
3396 6 31 34 16 1 30 3 14 12 4 17 10 20 15 19 27 24 23
5191 30 3 14 12 4 17 1 33 11 18 5 19 25 7 9 13 22 27 20 15 32 29 6 23 8 36 21 35 16 34 31 28 2 10 24 26
5903 19 25 7 9 13 22 27 20 15 32 29 6 23 8 21 35 16 34 31 28 2 10 30 14 12 4 17 1 33 11 18 5 26 36 24 3
3073 33 25 7 9 13 22
6072 19 25 7 9 13 22 27 6 23 8 21 35 16 34 31
83 21 22 23 24 26 27 28 29 30 31 32 33 16 15 14 13 12 11 10 9 8 7 6 5 4 3 2 20 19 18 17 34 35
1377 4 17 10 9 8 7 6 31 34 35 5 26 29 22 23 24 27 19 20 2 3 30 1 25 33 16 15
1433 15 16 33 25 1 30 3 2 20
1512 20 2 3 30 1 25 33 16 15 19 27 24 23 22 29 26 5 35 34 31 6 7 8 9
183 36 1 25
167 14 13 12 11 10 9 8 7 6 5 4 3 2 20 19 18 17 34 35 15 16 33
1239 20 19 27 24 23 22 29 26 5 35 34
1361 12
2002 12 4 17 10 20 2 3 30 1 16 15 19 27 24 23 22 29 26 5 35 34 31 6 7 8 9 13 21 18 11 33 25
2050 12 4 17 10 20
70 2 3 4 5 6 7 8 9 10 11 12 13 14 15 16 33 32 31 30 29 28 27 26 24 23 22 21
603 34 35 15 16 33 25 1 19 20 2 3 4 5 6 7 8 9 10 11 12 13 14 32 31 30 26 29 36 28 17
3322 14 12 4 17 10 20 15 19 27 24 23 22 13 9 7 25 33 11 18 29 32 28 8 36 21 35 2
4139 28 31 34 16 1 22 13 9 7 25 33 11 18 29 32 15 20 10 17 4 12 14 3 30 8
4824 2 10 20 15 32 29 6 23 24 26
4737 26 24 23 6 29 32 15 20 10 2
2140 7 8 9 13 21 18 11 33 25 6 31 34 35 5 26 29 22 23 24 27 19 15 16 1 30 3 2 20 10 17 4 12 14 36
539 27 24 23 22
4309 1 22 13 9 7 25 33 11 18 29 32 15 20 10
4361 10 20 15 32 29 18 11 33 25 7 9 13 22 1 17 4
4361 12 14 3 30 8 36 21 35 16 34 31 28
1325 18 21 28 36 14 13 11 12 15 16 33 25 1 30 3
43 17 18 19 20 21 25
2980 8 28 32 29 18 11 33 25
539 12 11 10 9 8 7 6 5 4 3 2 20 19 1 25 33 16 15 35 34
6307 28 2 10 30 14 12 4 17 1 33 11 18 5 26 36 24 3 29 32 15 20 31 34 16 35 21 8 23
7156 13 33 11 18 5 26 36 24 3 34 16 35 19 25 29 32 15 20 31 7 9 23 4 12 1 17 14 30 10 2
6666 13 33 11 18 5 26 36 24 3 29 32 15 20 31 34 16 35 21 8 22 27 6 28 2 10 30 14 17 1 12 4 23 9 7 25 19
680 27 24 23 22 21 18 34 35
2297 35 34 31 6 25 33 11 18 21 13 9 8
935 13 14
5436 14 12 4 17 1 33 11 18 5 26 24 10 2 28 31 34 16 35 21 36 8 23 6 29 32 15 20 27 22 13 9 7 25 19 3
5641 26 5 18 11 33 1 17 4 12 14 30 10 2 28 31 34 16 35 21
603 27 24 23 22 21 18
1433 28 36 14 13 11 12 4 17 10 9 8 7 6 31 34 35 5 26 29 22 23 24 27 19
5347 19 25 7 9 13 22 27 20 15 32 29 6 23 8 36 21 35 16 34 31 28 2 10 24 26 5 18 11 33 1 17 4 12 14
2153 36 14 12 4 17 10 20 2 3 30 1 16 15 19 27 24 23 22 29
2165 29 22 23 24 27 19 15 16 1 30 3 2 20 10 17 4 12 14 36
2050 25 33 11 18 21 13 9 8 7
4516 19 5 2 10 20 15 32 29 18 11 33
4449 22 13 9 7 25 33 11 18 29 32 15 20 10 2 5 19
1136 35 5 26 29 22 23 24 27 19 20 2
680 19 20 2 3 4
539 21 18 17
948 36 28 17 4 3 2 20 19 27 24 23 22 29 26
4000 28 31 34 16 1 22 13 9 7 25 33 11 18 29 32 15 20 10 17 4 12 14 3 30 8 36 21 35 2 5 19
890 1 25 33 16 15 12 11 10 9 8 7 6 5 35 34 18 21
499 30 31 32 14 13 12 11 10 9 8 7 6 5 4 3 2 20 19 1 25 33 16 15 35 34 17 18 21 22 23 24
536 24 23 22 21 18 17 34 35 15 16 33 25 1 19 20 2 3 4 5 6 7 8 9 10 11 12 13 14 32 31 30 26 29 36 28
2074 35 34 31 6
1958 13 9 8 7 6 31 34 35 5 26 29 22 23 24 27 19 15 16 1 30 3 2 20 10 17 4 12
1617 28 36 14 13 11 12 4 17 10 20 2 3 30 1 25 33 16 15 19 27 24 23 22 29 26 5 35 34 31 6 7 8 9 21 18
2503 36 14 12 4 17 10 20 2 3 30 1 16 15 19 27 24 23 22
5981 3 24 36 26 5 18 11 33 1 17 4 12 14 30 10 2 28 31 34 16 35 21 8 23 6
3246 8 28 32 29 18 11 33 25 7 9 13 22 23 24 27 19 15 20 10 17 4 12 14
66 26 27 28 29 30 31 32 33 16 15 14 13 12 11 10 9 8 7 6 5 4 3 2
365 23 22
6459 12 4 23 8 21 35 16 34 31 20 15 32 29 3 24 36 26 5 18 11 33
6541 22 27 6 28 2 10 30 14 17 1 12 4 23
6523 33 11 18 5 26 36 24 3 29 32 15 20 31 34 16 35 21 8 23 4 12 1 17 14 30 10 2 28 6 27 22
128 1 25 21 22 23 24 26 27 28 29 30 31 32
365 7 8 9 10 11 12 13 14 32 31 30 29 36
0 36 35 34 33 32 31 30 29 28 27 26 25 24 23 22 21 20 19 18 17
4139 6 23 24 27 19 5 2 35 21 36
2468 5 35 34 31 6 25 33 11 18 21 13 9 7
3246 26 5 6 31 34 16 1 30 3 2 35 21 36
5110 23 6 29 32 15 20 27 22 13 9 7 25 19 5 18 11 33 1 17 4 12 14 3 30
1555 9 8 7 6 31 34 35 5 26 29 22 23 24 27 19 15 16 33 25 1 30 3 2 20 10 17 4 12 11 13 14 36 28
4564 31 34 16 35 21 36 8 30 3 14 12 4 17 1
301 29 30 31 32 14 13 12 11 10 9 8 7 6 5 4 3 2 20 19 1 25 33 16 15 35 34 17 18 21 22 23 24 26 27 28
357 28 27
245 28 27 26 24 23 22 21 18 17 34 35 15 16 33 25 1
5706 7 9 13 22 27 20 15 32 29 6 23 8
4273 28 31 34 16 1 22 13 9 7 25 33 11 18 29 32 15 20 10 17 4 12 14 3 30 8 36 21 35
5263 26 24 10 2 28 31 34 16 35 21 36 8 23 6 29 32 15 20 27 22 13 9 7 25 19
3126 5 8 28 32 29 18 11 33 25 7 9 13 22 23 24
411 19 20 2 3 4 5 6 7 8 9 10 11 12 13 14 32 31 30 29 36
4291 35 21 36 8 30 3 14 12 4 17 10 20 15 32 29 18 11 33 25 7 9 13 22 1
1715 12 4 17 10 20 2 3 30 1 25 33 16 15 19 27 24 23 22 29 26 5 35 34 31 6 7 8 9
1648 18 21 9 8 7 6 31 34 35 5 26 29 22 23 24 27 19 15 16 33 25 1 30 3 2 20 10 17 4 12
740 15 16 33 25 1 19 20 2 3 4 17 28 36 29 26 30 31 32 14 13
734 5 6 7 8 9 10 11 12 13 14 32 31 30 26 29 36 28 17 4 3 2 20 19 1 25 33 16 15
680 17 28 36 29 26 30 31 32 14 13 12 11 10 9 8 7 6 5
365 21 18 17 34 35 15 16 33 25 1 19 20 2 3 4 5 6
3098 27 19 15 20 10 17 4 12 14 36 21 35 2 3 30 1 16 34 31 6
3489 32 29 18 11 33 25 7 9 13 22 19 27 24 23 6
3396 22 13 9 7 25 33 11 18 29 32
423 28 36 29
866 27 24 23 22 21 18 34 35 5 6 7 8 9 10 11 12 15 16 33 25 1
3838 5 2 35 21 36 8 28 31 34 16 1 30 3 14 12 4 17 10 20 15 32 29 18 11 33 25 7 9 13 22
3896 22 13 9 7 25 33 11 18 29 32 15 20 10 17 4 12 14 3 30
823 13 14 32 31 30 26 29 36 28 17 4 3 2 20 19 1 25 33 16 15 12 11 10 9 8 7 6 5 35 34 18 21 22 23 24 27
423 27
357 26 24 23 22 21 18 17 34 35 15 16 33 25 1 19 20 2 3 4 5 6 7 8 9 10 11 12 13 14 32 31 30 29 36
2900 28 32 29 18 11 33 25 6 31 34 16 1 30 3 2 35 21 36 14 12 4 17 10 20 15 19 27 24 23 22 13 9 7
417 27 28 36 29 30 31 32 14 13 12 11 10 9 8 7 6 5 4 3 2 20 19 1 25 33 16 15 35 34 17 18 21 22 23 24 26
773 27 24 23 22 21 18 34 35 5 6 7 8 9 10 11 12
3748 35 21 36 8 28 31 34 16 1 30 3 14 12 4 17 10 20 15 32 29 18 11 33 25 7 9 13 22 19 27 24 23 6
4309 19 5 2 28 31 34 16 35 21 36 8 30 3 14 12 4 17
3896 6 23 24 27 19 5 2 35 21 36 8
4311 19 5 2 28 31 34 16 35 21 36 8 30 3 14 12 4 17
6729 19 25 7 9 23 4 12 1 17 14 30 10 2 28 6 27 22 8 21
6811 21 8 22 27 6 28 2 10 30 14 17 1 12 4 23 9 7
680 16 33 25 1
4952 27 22 13 9 7 25 19 5 18 11 33 1 17 4 12 14 3 30 8 36 21 35 16 34 31 28 2 10
5036 10 2 28 31 34 16 35 21 36 8 30 3 14 12
5550 19 25 7 9 13 22 27 20 15 32 29 6 23 8 36 21 35 16 34 31 28 2 10 30 14 12 4 17 1 33 11 18 5 26
5456 24 26 5 18 11 33 1 17 4 12 14 30
277 24 23 22 21 18 17 34 35 15 16 33 25 1
1325 2 20 19 27 24 23 22 29 26 5 35 34 31 6 7 8 9 10 17 4
1239 31 6 7 8 9 10 17 4 3 30 1 25 33 16 15 12 11 13 14 36 28 21 18
1277 18 21 28 36 14 13 11 12 15 16 33 25 1 30 3 4 17 10 9 8 7 6 31 34 35 5 26 29 22 23 24 27 19 20 2
539 28 36 29 26 30 31 32 14 13
3642 35 21 36 8 28 31 34 16 1 30 3 14 12 4 17 10 20 15 32 29 18 11 33 25 7 9 13 22 19 27 24 23 6
3662 6 23 24 27 19 22 13 9 7 25 33 11 18 29 32 15 20 10 17 4 12 14 3 30 1 16 34 31 28 8 36 21 35
3557 6 23 24 27 19 22 13 9 7 25 33 11 18 29 32 15 20 10 17 4 12 14 3 30 1 16 34 31 28 8 36 21 35
2638 25 33 11 18 29 32 28 8 7 9 13
4208 26 6 23 24 27 19 5 2 35 21 36
6018 6 23 8 21 35 16 34 31 28 2 10 30 14 12 4 17 1 33 11 18 5 26 36 24 3 29 32 15 20
4737 18 11 33 1 17 4 12 14 3 30 8 36 21 35 16 34 31 28
4620 27 22 13 9 7 25 19 5 2 10 20 15 32 29 18 11 33 1 17 4 12 14 3 30 8 36 21 35 16 34 31 28 26 24 23 6
4683 6 23 24 26 28 31 34 16 35 21 36 8 30 3 14 12 4 17 1 33 11 18
3372 2 35 21 36 8 28 32 29 18 11 33 25 7 9 13 22 23 24 27 19 15 20 10 17 4 12 14 3 30 1 16 34 31 6
5036 4 17 1 33 11 18 5 19 25 7 9 13 22 27 20 15 32 29 6 23
140 36 33 16 15
2593 22 23 24 27 19 15 16 1 30 3 2 20 10 17 4 12 14 36 21
2710 35 21 36 14 12 4 17 10 20 2 3 30 1 16
3038 23 24
30 35 34 17 18 19 20 21 22 23 24 25 26 27 28 29 30 31 32 33
5732 21 35 16 34 31 28 2 10 30 14 12 4 17 1 33 11 18 5 26 36
1372 18 21 28 36 14 13 11
3167 6 31 34 16 1 30 3 2 35 21 36 14 12 4 17 10 20 15 19 27 24 23 22 13 9 7 25 33 11 18 29 32 28 8
2798 15 19 27 24 23 22 13 9 7 8 28 32 29 18 11 33 25 6 31 34 16 1 30 3 2
4192 8 30 3 14 12 4 17 10 20 15 32 29 18 11 33 25 7 9 13 22 1 16 34 31 28
2549 35 34 31 6 25 33 11 18 21
2851 8 7 9 13 22 23 24 27 19 15 20 10 17 4 12 14 36 21 35
1136 13 14 36 28 21 18 34
1004 26 29 22 23 24 27 19 20 2 3 4 17
1061 17 4 3 2 20 19 27 24 23 22 29 26 5 35 34 18 21 28 36 14 13
2710 34 31 6 25 33 11 18 29 32 28 8 7 9 13 22 23 24 27 19 15
43 22 23 24
229 21 22 23 24 26 27 28 29 30 31 32 14 13 12 11 10 9 8 7 6 5 4 3 2 20 19
1198 2 20 19 27 24 23 22 29 26 5 35 34 18 21 28 36 14 13 11 12 15 16 33 25 1 30 3 4 17 10 9 8 7 6 31
2503 29 32 28 8 7 9 13
3073 8 28 32 29 18 11
1854 8 7 6 31 34 35 5 26 29 22 23 24 27 19 15 16
1099 32 31
5503 10 2 28 31 34 16 35 21 36 8 23 6 29 32 15 20 27 22 13 9 7 25 19
5456 3 19 25 7 9 13 22 27 20 15 32 29 6 23 8 36 21 35 16 34 31 28 2 10
5641 22 27 20 15 32 29 6 23 8 36
53 34 17 18
464 26 24 23 22 21 18 17 34 35 15 16 33 25 1 19 20 2 3 4 5 6 7 8 9
4538 28 31 34 16 35 21 36 8 30 3 14 12 4 17 1
36 1 2 3 4 5 6 7 8 9 10 11 12 13 14 15 16 33 32 31 30 29 28 27 26
1361 28 36 14 13 11 15 16 33 25 1 30 3
1372 15 16 33 25 1 30 3
4796 27 22 13 9 7 25 19 5 18 11 33 1 17 4 12 14 3 30 8 36 21 35 16 34 31 28
7086 21 8 22 27 6 28 2 10 30 14 17 1 12 4 23 9 7 31 20 15 32 29 25 19 35 16 34 3 24 36 26 5 18 11 33 13
7245 2 10 30 14 17 1 12 4 23 9 7 31 20
7245 15
261 28 27 26 24 23 22 21 18 17 34 35 15 16 33 25 1
128 15
224 36
53 19
2349 31 6 25 33 11 18 21 13 9
6948 34 16 35 19 25 21 8 22 27 6 28 2 10 30 14 17 1 12 4 23 9 7 31 20 15 32 29
6414 17 1 33 11 18 5 26 36 24 3 29 32 15 20 31 34 16 35 21 8 23 4 12
7018 29 32 15 20 31 7 9 23 4 12 1 17 14 30 10 2 28 6 27 22 8 21
3822 6 23 24 27 19 22 13 9 7 25 33 11 18 29 32 15 20 10 17 4 12 14 3 30 1 16 34 31 28 8 36 21 35 2 5
5055 26 24 10 2 28 31 34 16 35 21 36 8
1958 32 28 36 14 25 33 11 18 21
2501 5 35 34 31 6 25 33 11 18 21
1018 14 36 28 21 18 34 35 5
28 32 33
15 17 18 19 20 21 22 23 24 25 26 27 28 29 30 31 32 33
184 33 16 15 35 34 17 18 19 20 2 3 4 5 6 7 8 9 10 11 12 13 14 32 31 30 29 28 27 26 24 23 22 21
6072 20 15 32 29 3 24 36 26 5 18 11 33 1 17 4 12 14 30 10 2 28
128 35 34 17 18 19 20 2 3 4 5 6 7 8 9 10 11 12 13 14
471 16 33 25 1 19 20 2 3 4 5 6 7 8 9
0 16 15 14 13 12 11 10 9 8 7 6 5 4 3 2 1
2312 28 32 29 22 23 24 27 19 15 16 1 30 3 2 20 10 17 4 12 14 36 7
2256 36 14 12 4 17 10 20 2 3 30 1 16 15 19 27 24 23 22 29 32 28
2153 26 5 35 34 31 6 25 33 11 18 21 13 9 8 7 28 32
6881 7 9 23 4 12 1 17 14 30 10 2 28 6 27 22 8 21 25 19 35 16 34
2377 7 36 14 12 4 17 10 20 2 3 30 1 16 15 19 27 24 23 22 29 32 28 8
2468 8 28 32 29 22 23 24 27 19 15 16 1 30 3 2 20 10 17 4 12 14 36
1729 14 13
4429 6 23 24 27 19 5 2 10 20 15 32 29 18 11 33 25 7 9 13 22 1 17 4 12 14 3 30 8 36 21 35 16 34 31 28 26
4389 28 31 34 16 35 21 36 8 30 3 14 12 4 17 1 22 13 9 7 25 33 11 18 29 32 15 20 10 2 5 19 27 24 23 6
423 26 24 23 22 21 18 17 34 35 15 16 33 25 1 19 20 2 3 4 5 6 7 8 9
2786 5 35 21 36 14 12 4 17 10 20
4449 26 28 31 34 16 35 21 36 8 30 3 14 12 4 17 1
1648 36 14 13 11
1136 6 7 8 9 10 17 4 3
4820 7 25 19 5 18 11 33 1 17 4 12 14 3 30 8 36 21 35 16 34 31 28
6353 23 8 21 35 16 34 31 20 15 32 29 3 24 36 26 5 18 11 33 1 17
2598 31 6 25 33 11 18 29 32 28 8 7 9 13
1495 32 18 21 28 36 14 13 11 12 4 17 10
2851 2 3 30 1 16 34 31 6 25 33 11 18 29 32 28
2118 36 14 12 4 17 10 20 2 3 30 1 16 15 19 27 24 23 22 29 26 5
2980 7 9 13 22 23 24 27 19 15 20 10 17 4 12 14 36 21 35 2 3 30 1 16 34 31 6
2074 36 14 2 3 30 1 16 15 19 27 24 23 22 29 26 5
2249 31 6 25 33 11 18 21 13 9 8 7
245 19 20 2 3 4 5 6 7 8 9 10 11 12 13 14 32 31 30 29
890 22 23 24 27 19 20 2 3 4 17 28 36
958 21 18 34 35 5 6 7 8 9 10 11 12 15 16 33 25 1 30 31 32
6151 28 2 10 30 14 12 4 17 1 33 11 18 5 26 36 24 3 29 32 15 20 31 34 16
1769 9 8 7 6 31 34 35 5 26 29 22 23 24 27 19 15 16 33 25
1854 25 33
66 1 25
5816 36 26 5 18 11 33 1 17 4 12 14 30 10 2 28 31 34 16 35 21 8 23 6 29 32 15 20 27 22 13 9 7 25 19
3907 30 3 14 12 4 17 10 20 15 32 29 18 11 33 25 7 9 13 22 1 16 34 31 28
4047 19 5 2 35 21 36 8 30 3 14 12 4 17 10 20 15 32 29 18 11 33 25 7 9 13 22 1 16 34 31 28
53 20 21
408 35 15 16 33 25 1 19 20 2 3 4 5 6 7 8 9 10 11 12 13 14 32 31 30 29 36
36 36 35 34 17 18 19 20 21 22 23 24 25
1865 11 18 21 12 4 17 10 20 2 3 30 1 16 15 19 27 24 23 22 29 26 5 35 34 31 6 7 8 9 13
1769 1 30 3 2 20 10 17 4 12 21 18 11
6589 23 4 12 1 17 14 30 10 2 28 6 27 22 8 21 35 16 34 31 20 15 32 29 3 24 36 26 5 18 11 33 13
6242 16 34 31 20 15 32 29 3 24 36 26 5 18 11 33 1 17 4 12 14 30 10 2 28
4536 33 11 18 29 32 15 20 10 2 5 19 25 7 9 13 22 27
2677 21 36 14 12 4 17 10 20 2 3 30 1 16 15 19 27 24 23 22 13 9 7 8 28 32 29 18 11 33 25 6 31 34
3484 31 34 16 1 30 3 14 12 4 17 10 20 15
3423 23 24 27 19 15 20 10 17 4 12 14 3 30 1 16 34 31
4866 26 24 23 6 29 32 15 20 10 2 28 31 34 16 35 21 36 8 30 3 14 12 4 17 1 33 11 18 5 19 25 7 9 13 22 27
471 24 23 22 21 18 17 34 35 15
2050 2 3 30 1 16 15 19 27 24 23 22 29 26 5 35 34 31 6
43 36
3038 6 31 34 16 1 30 3 2 35 21 36 14 12 4 17 10 20 15 19 27
866 13 14 32 31 30 26 29
280 24 23 22 21 18 17 34 35 15 16 33 25 1
1106 30 1 25 33 16 15 12 11
1018 32 31 30 1 25 33 16 15 12 11 10 9 8 7 6
1099 6 7 8 9 10 11 12 15 16 33 25 1 30
