83 4 3 5
307 3 5 2 1 6
313 6 1
212 4
476 6 1 4 3
420 5 3 4 1 6
307 4
490 3 4
555 4
274 4
1279 2 6 3 1
1103 4 5
1498 6 2 3
1345 5 4
1623 3 5 1
911 4 5 3
1657 1
1008 1 2
1657 5 3
1715 6 4 3 5
1871 1 6 4 3
1784 2 5 3 4 6 1
1915 3 4 6 1
1966 1 6 4 3 5 2
2025 2 5 3 4
2131 2 6 1 5 3 4
2026 4 3 5 2 6 1
2046 1 6 2
2256 2 6
2222 4 3 5 1 6 2
2358 4 3 5 1 2
2293 3 4
2293 6 2 1 5
2441 2 1
2494 1 2 5 3
2495 3 5 2
339 3 5
38 5
12 5
221 6 1 2 5 3
102 6 1 2 5 3 4
0 6 5 4 3 2
148 4
1 2 3 4 5 6 1
815 4 5
718 4 3 2 1
909 4 5 3
961 2 1 6 3 5 4
1008 6 3 5 4
999 4 5 3 6
650 2 3 4
1103 2 6 3
1192 3 6 2 5 4
1081 4 5 3 6 2
1279 4 5
1345 1 3 6 2
1398 6 2 3
1430 3 2 6 4 5
1369 2 6
1498 5 4
490 1 6 5
313 2 5 3
1593 3 2 6 4
1623 4 6 2
1715 2
148 3 5 2 1 6
538 5 6 1
355 6 1
582 1 6 5
616 5 6 1
710 4 3 2 1
597 4 3 2
710 6 5
795 5 6
795 1 2 3
860 3
860 2 1 6
41 4 3
949 6 1 2
28 6 1 2
12 4 3
64 2 1 6
12 1 6
