655 4 1 8 6 5 7
0 8 7
719 7 5 6 8 1 4 3
1043 2 7 5 6 3 4 1 8
443 8 6
767 3
856 3 4 1 8
948 2
948 8 1 4 3 6 5 7
1058 8 1
1270 7 5 6 3 4 8 1 2
1139 1
1211 1 8 4 3 6 5 7
1312 2 1 8 4 3
1325 3 4
1485 7
767 2 7 5 6 8 1 4
1396 4 3 8 1 2 6 5 7
1485 5 6 2 1 8 3
1574 7 3 8 1
1642 1 8
1712 2 6
1712 8 1 3 7
1767 7 3 1 8 6
1767 2 5 4
1854 4 5 2
1854 6 8 1
1936 1 8 6 2 5 4 3
1977 3 4 5 2
1642 5 6 2 7 3
1980 2
1927 5 2
2050 2 5
2130 5 2 4
2214 4 2 5 3 6 8 1
2282 1 8 6 3 5 2
2376 2 5 3
2444 3 5 2 1 4
2376 6 8
2472 8
2512 8 6 4 1 2 5 3 7
2583 8 6 4
2569 7 3 5 2 1 4 6 8
2589 4 6 8 1 2 5
2600 5 2 1 8 6 4 3
2630 3
2630 4 6 8
2695 3 8 6 4 1 2 5 7
2653 4 6 8
2706 7 5 2 1 4 6 8 3
2711 3 8 6 4 1
2769 1 4 6 8 3 2 5
2826 5 2 3 8 6 4
2837 8 6 4 3 2 5 1 7
2833 4 6 8
2906 7 1 5
2929 5 1 7 2 3 4 6 8
2962 8 6 4 3 2 7 1 5
3053 5 1 7
3116 7 1 5 2 3 4
3200 4 3 2 5 1 7 6
3248 7 6 1 5 2 3 4
3225 6 7
3341 4 3 2 5 1
3405 1 5
3407 5 1 2
3465 2 1
3609 8
3532 1 2 5 3 4
3609 4 3 5 2 1 6 7
3704 8 7 6 1 2
3782 2 1 6 7 8
3610 7
3806 8
3806 7 6 1 2 5 3 4
2665 5 2 1 4 6 8
245 1 3 7 2 8 5
321 2 8 5 7 3 1 4
68 4 6 5
416 4 1 3 7 5
68 3
416 8 2
443 2
68 2
489 5 7 3
573 3 7 5 6 8 1 4 2
655 2
26 5 6 4 3 2
0 2
163 5 6 4 3 1 2 7
176 7
176 2 1 3 4 6 5
180 5 6 4 3 1 2 8
184 8 2 1 3 4 6
192 6 4
0 6 5
197 7 3 1
290 5 8 2
0 3 4
26 1
