74 8
37 3 4 5 6 2 1
459 3
1288 3 8 1 5 4 6 7 2
410 7 8 2
377 4 5 6 2 8 7
1136 8 1 5 4
531 1
129 1 8
669 6 7 8 2 5 4
1066 1 5 4 6 7 2
1028 4 5 1
3245 1 7 6 5 4 3 2
2588 1 7 6 5 4 3
3282 2 3 4 5 6
3010 4 3 2 8 1 7
3094 8 1 7 2 3 4 5 6
3050 7 1 8
3153 6 5 4 3 2
3156 2 3 4 5 6 7 1
335 1 3 7 8
305 2 6 5 4
366 1 3
443 1 3
763 4 5 2 8 7 6 1
620 2 8 7 6
825 1 6 7
825 8 2
74 1 2 6 5 4 3 7
2613 6 7 1 8 2
2843 5 4 3 2 8 1 7
2694 5 4 3 2 8 1
2917 1 8 2 3 4
2917 7
1269 2 7 6 4 5 1 8
9 8
1839 1 7 6 2 8 3 4
1695 4 1 7 6
1911 4 3 8 2 6 7 1 5
897 4 5 1 6 7 2 8 3
954 3 8 2 7 6 1 5 4
1136 2 7 6
1216 6 7 2
1236 2 7 6 4 5 1 8 3
1269 3
1727 5 4 1 7 6
1778 4 1 7 6
2438 3 4 5 1
2435 8 7 6 1 5 4 3
2476 1
1406 1 5 4 6 7 2 8 3
1340 2 7 6 4 5 1
850 7 6 1 5 4
1480 3 8 2
1480 7 6
2419 3 4 5 1 6 7 8
2438 6 7
2478 7 6 5 4 3 8
2534 8 3 4 5 6 7 1
9 3 4 5 6
9 7
0 8 7 6 5 4 3 2 1
33 6 5 4 3
2613 3 4 5
2709 1 8 2 3 4 5 7
2754 7 5 4 3 2 8 1
2779 1 8 2 3 4 5
9 1 2
410 4 5 6
474 4 5 6
503 3 1
305 3 7 8
1028 3 8
1209 5 4
1622 5 4 3 8 2 6 7 1
1683 1 7 6 2 8 3
2151 7 6 2 8 3 4 1 5
2215 5 1
2218 1 5 4 3 8 2
2311 2 8 3 4 5 1 6 7
2402 7 6 1 5 4 3
182 2 6 5 4 3 7 8 1
1534 2 8 3 4 5
1695 3 8 2
1789 2 8 3
586 3 1
667 3 1
252 1 8 7 3 4 5 6 2
263 2 6 5 4 3 7 8 1
284 1 8 7 3 4 5 6 2
1819 3 8 2 6 7 1
1995 5 1 7 6 2 8 3 4
2065 4 3 8 2 6 7
503 2 8 7 6 5 4
597 4 5 6 7 8 2
117 7 3 4 5 6 2
