218 2 5
103 4
818 4
898 4
604 1 3
365 3
47 5 1 3 4
149 1
98 5 2
7 3
1917 2 5 4 3
1690 2 1 3
453 5 2 1 3 4
1597 1
2692 3 2 1 4 5
2527 3 2 5
2039 2 5
2628 5 4 1 2 3
1288 1 3
618 2 5
2556 5
2255 4 1 5 2 3
894 2
2089 3 4
1018 5
2182 2 5 1 4
1171 5 2 3 1
1489 2 5
1489 4 3 1
201 3 4 5 2
1444 3 4 5 2
273 5 2
604 4
2039 4 3
385 4
421 3
35 4 3 1 5
2430 1 5 2 3 4
2102 1 5 2
2039 1
1403 1 2 5 4 3
1993 3 4 5 2 1
2346 3 2 5 1
1559 2
1559 1 3 4 5
2527 1 4
1917 1
2451 4 3 2 5
103 1 3
2512 5 2 3 4 1
218 4
917 3
1332 5 2 1
292 1 4
1675 4 5
273 4 1
262 5 2 1 4
528 2 5
1597 5 4
98 1 3 4
218 3
32 1 3 4
7 1
333 4
973 5 1 3 2 4
1018 4
1888 1 3 4 5 2
1794 2 5 4 3
149 2 5 4 3
1794 1
528 4 3 1
1766 5 4 3 1
219 1
2783 5 4 1 2
2215 3
2155 3
1898 2 5 4 3 1
1912 1 3 4 5 2
2346 4
894 1 5
645 3 1 5 2 4
731 4 2 5 1 3
52 2 5
323 4 1 2 5 3
1597 3
333 3 5 2 1
7 5 4
1104 4 1 3 2 5
1018 2 3 1
866 3
866 2 5 1
818 3 1 5 2
1220 1 3 2 5 4
1288 4 5 2
52 4 3 1
1317 2 5 4 3
365 1 2 5
7 2
1332 3 4
0 5 4 3 2 1
