0 8 7 6 5
1835 6
0 4
1768 1
1835 7 1
1399 8
0 3
1768 7
380 2
1763 3
1708 5 3
1763 5 8
1701 6 1 7
1634 7 1 6
1257 4 2 1 7 5 6
1647 2 4 8
1634 5
1892 1 7 3 8 5 4
1583 3
1558 1 7 5
1339 8
1278 8
1558 8 4 2
1189 8
1123 8
1470 3 6
1343 3
1510 6 3
1147 6
701 3
16 5
1352 6 5 7 1 2 4
1470 5 7 1 2 4 8
158 4 3
1257 3
985 5
1242 7 1 2 4 3
954 5
887 5
1147 5 3 4 2 1 7
1434 4 2 1 7 5 6 3
96 1
1077 6 7 1 2 4 3 5
96 3
1052 8
887 8
897 2
964 3 4 6 7 1 2 8
1052 2 1 7 6
647 7
468 8
897 1 7 6 4 3
819 5 8
819 2 3 4 6 7 1
647 6
85 4
611 7 6
611 3 4
729 2 3 4 6 7
0 2
729 8 5 1
738 7 6 4 3 2
16 6 7
500 8 4 3
377 8
645 4 3
316 8
245 8
500 6
581 8 5 1 2
158 8
537 8
537 7 6 3 4
500 7
332 2
270 2
406 4 3 6 7 5 1 2
500 2 1 5
190 1
267 4 3 6 7 5 1
35 1
340 1 5 7 6 3 4
180 2
175 6 7 5 2
0 1
71 3
645 2 1 5 8
101 1
101 8 4 3
107 2 5 7 6
180 5 7 6 3 4
16 2
16 8
