1145 4 7 6 3 5 2 1 8
1138 7 4
1055 8 1 2 5 3 6 4 7
1914 7 4 8 1 2 6 3 5
1985 5 3 6 2
1804 6 7 4 8 1 2
59 8 7
46 5 6 7 8
1275 5 2 1 8
1207 8 1 2 5
2151 8 1 5 3 6 2 4 7
2067 2 6 3 5 1 8
753 7 2 1 8 3 5 6 4
2342 8 1 7
2261 4 7 1 8
2198 7 4 2 6 3 5
1854 2 1 8 4 7
1207 6 3
0 1
2641 5 3 6
2578 2 7 1 8 6 3 5
1475 8 1 2 5 3 6 7
298 1
5 4
3 5 6 7 8 4
527 6 4 7 2 5 3 8 1
520 3 5 2 7 4 6
167 4 3
791 4 6 5 3 8 1 2
833 2 1 8
28 1 2 3
2494 8 1 7 2
2452 4 5 3 6 2 7 1 8
2357 2 6 3 5 4
59 5
18 2 3
99 7 8 1
435 1 8 6 4
833 3 5
1432 6 3 5 2 1 8
1356 8 1 2 5 3 6
998 4 6 3 5 2 1
1711 2 1 8 4 7 6
1617 5 3 6 7 4
998 8
930 7 4 6 3 5 2 1 8
905 8 1 2 5 3 6 4 7
235 1 8 7 2 5 3 4 6
541 1 8 3 5
486 1 8 6 4
197 5 2 7 8 1
298 8
702 6 5 3 8 1 2 7
624 5 3 8 1 2 7 4
68 1
43 4 3 2 1
1985 7 4 8 1
2261 5 3 6 2
541 6
5 8 7 6 5
68 2 3 4 6
675 4 7 2 1 8 3 5 6
379 3 5 2 7 4 6 8 1
541 4 7 2
1617 8 1 2
1549 7 6 3 5 2 1 8
0 8 7 6 5
144 1 8 7 2 5
116 6 4 3
435 7 2 5 3
337 7 2 5 3
298 6 4 3 5 2 7
0 2 3
