1 5 6
18 4 5
35 2 4 5
18 1
228 4 2 3 1
70 6 1
182 2 3 1 6 5
275 4 2
205 5
284 2 4 3 1 6 5
247 1 3 2 4
721 6 5 1 3 4 2
878 1 3 4 2
756 2 4 3 1 5 6
757 6 5 1 3 4 2
921 2 4 3 1 5
827 2 4 3 1
980 5 1 3 4 2
0 6
8 6 5 4
0 4
44 2 3
468 4 3 1 5 6
97 4 5
364 2 4 3
509 4 3
459 6 5 1 3 4
509 1 5 6
489 6 5 1 3 4
1927 2 6 1 4 5 3
2010 3 5 4 1
2069 1 4
2078 4 1 5 3
2093 3 5
222 5
2589 1 4 3 2 6 5
559 2
1742 5 4 1
2745 3 4 1 2 6
2549 6 2 3 4 1
2711 1 4 3
2625 5 6 2 3 4 1
642 4 3
1722 1
686 2 4 3
1649 4 3 1 6 2
1861 5 4 1 6 2
1721 2 6 1
1800 3 2 6 1 4 5
1722 6 2 3
0 2 1
17 3 2
26 5 4 2
18 6
296 5 6 1 3
97 3 2
205 6 1 3 2 4
343 5 6
247 6
352 6 5 1 3 4 2
315 3 1 6 5
1046 2 4 3 1 5 6
1203 3 1 5 6
1081 6 5 1 3 4 2
1082 2 4 3 1 5 6
1246 6 5 1 3 4
1152 6 5 1 3
1305 4 3 1 5 6
0 5
7 1 2 3
0 3
44 5 4
599 4 3 1 5 6
296 2 4
364 1 5 6
640 4 3
590 6 5 1 3 4
640 1 5 6
620 6 5 1 3 4
2119 5 3 1 4 6 2
2202 2 6 4 1
2261 1 4
2270 4 1 6 2
2285 2 6
150 4
2351 3 4 1 2 6 5
459 2
1464 2 6 1
2507 1 4 3 2 6
2311 6 2 1 4 3
2473 3 4 1
2387 5 6 2 1 4 3
511 4 3
1444 1
555 2 4 3
1371 6 5 1 3 4
1583 2 6 1 3 4
1443 4 3 1
1522 5 4 3 1 6 2
1444 3 4 5
