116 6 7
324 1 3
1109 5 3 1 4 6 2
116 4 5
549 1 3 5 8 4
0 1 2 3
264 7 6 2
549 7 6 2
147 1
116 8 3
389 4 2 6 7
1618 8 4 6 2 7
2385 4 6
2729 5 1 7
2702 6 4 8 2 3 7 1 5
2805 7 1 5 3
2817 3 5
2817 1
2894 1 5
2911 5 1 3 7
2971 7 3 1 5 2 8 4
324 7 6 2 4
985 7 8 5 3 1 2 6 4
1066 4 6 2
1094 2 6 4 1 3 5
41 4 5 6 7 8 3 2 1
848 6 2 1 3 5 7 8
198 6 2
932 8 7
147 7 6 2
324 5 8
1358 7 2 6
1433 6 2 7
1488 7 2 6 4 8 5
735 4
1066 7 8
1358 1 3 5 8 4
1678 3 1 7 2 6 4 8
1714 6 2 7 1
1884 4 6 2 7 1 8 3 5
1419 1 3 5 8 4
1978 5 3 8 1 7 2 6 4
0 8 7 6 5 4
219 4 5 8 3 1
469 7 6 2 4 8 5 3 1
2319 1 7 2 8 3 6 4
2385 3 8 2
2402 2 8
2414 8 2
2459 2 8 6 4
2525 4 6 8 2 3
2607 3 2 8 6 4
2664 4 6
789 8 7
1164 2 6 4 1 3 5 8
1202 8 5 3 1
1268 1 3 5 8 4 6 2 7
932 4 6 2 1 3 5
1989 4 6 2 7 1 8 3 5
1134 7
2068 5 3 8 1 7 2 6 4
18 2
2115 4 6 2 7 1 8 3
395 3 5 8
2216 2 7 1 8 3 6 4 5
2206 3 8 1 7 2
2239 5 4 6 3 8 1 7 2
2254 2 7 1
4 2
4 4 5 6 7 8 3
166 3 8 5 4
116 1 2
789 5 3 1 2 6
735 7 6 2 1 3 5
74 1 2 3 8 7 6 5 4
2 1
1546 5 8 4 6 2 7 3 1
1618 1 3
1714 8 4
1750 5 3 8
284 1 3 8 5 4 2 6 7
1791 1 7 2 6 4
1845 3 8
6 3 8 7 6 5 4
641 4 8 5 3 1 2 6 7
