164 3 7 6
164 5 4 2
145 2 4 5
126 6 7 3 5 4 2
48 3 7 6
1 4 5 6 7 3
2272 7 2 4 3 6 5 1
2214 3 4 2 7
2124 1 5
2169 6 7 2 4 3
2041 2 5 1
1852 7 4 2 5 1 6
1808 2 4 7
1714 1 5 7 4 2
1654 4 7 5 1
1560 7 4
1518 2 1 5 4 7
1477 6 7 4 5 1 2
810 5 7
810 2 3 4 6 1
783 7 5 1 6 4 3 2
758 6 1 5 7
705 5 1 6
591 4 5 1 6 7
620 7 6 1 5
468 3 7 6 1
557 3 7 6
557 1 5 4
554 1 6 7 3
468 2 4
468 5
401 1 6 7 3 5 4 2
48 2 4 5
395 2 4 5 3 7 6 1
342 7 3 5 4 2
342 6
244 5 4 2
271 2 4 5 3 7 6
175 6 7 3 2 4 5
0 7 6 5 4
2860 5
2860 4 2 7 1
2736 7 1 5 6 3
2767 3 6 5 1 7 2 4
2660 7
2635 4 2 3 6 5 1 7
0 1
1369 3 2 1 5 4 6 7
1385 7 6
1286 2 3
1216 6 4 3 2
1158 5 1 6 4 3 2
858 5
705 2 3 4 7
983 5 1 6 4 3
1019 3 4 6 1 5 7
948 5
948 1 6 4 3 2
814 7 5 1 6 4 3 2
858 2 3 4 6 1
0 2 3
1202 2 3 4 6 1 5
1216 5 1
1158 7
1134 2 3 4 6 1 5 7
967 7
1089 7 5 1 6 4 3 2
965 2 3 4 6 1 7
2105 7 6
2077 4 6 7
2041 3 7 6 4
1962 1 5 2 4 6 7 3
1938 4 2 5 1
1910 6 1 5 2 4
1560 1 5
1385 2 1 5 4
2541 1 5 6 3 2 4
2469 4
2469 2 3 6 5 1
2381 2 4
2361 1 5 6 3 4 2
1606 1 5
1297 7 6 4 5 1
