134 3
128 1 2 3
83 3 1
358 3
1400 3
1373 1 3
1332 2 3 1
644 3 2 1
236 2 1
0 3 2 1
134 1 2
225 3
461 1 2 3
1400 1 2
1262 1 3
1462 2
516 2 3
574 3
52 1 3 2
358 1 2
922 3 2 1
968 1 2
1056 2
11 3 2
24 2
1090 2 1 3
11 1
727 1 2
1091 3 1
169 2 3
223 3 2 1
225 1 2
157 3 2 1
169 1
1687 3
2769 3 1
2871 3 1 2
1822 1 2
2838 1 3
1823 1 2
2919 2 1
106 2 1
83 2
727 3
1944 1 2 3
1056 3 1
2032 3 1 2
793 3
1955 3
1902 3 2 1
422 2 1
478 3 2
2629 2 3
2279 2 1
2197 1 2
2691 1 2
2542 3 2
2687 3 2 1
2763 2 1 3
2453 1 2 3
1789 1 2 3
1955 2 1
2063 2 1 3
2084 3
2125 3 1 2
1822 3
2009 1
1473 3 1
1722 1 2
1548 2 1 3
1618 3 1 2
1687 2 1
1718 1
1735 2 1
3 1 2 3
49 1
26 2 3 1
292 1 2 3
1294 2
1176 1 3 2
1262 2
516 1
597 3 2 1
616 1 2 3
769 2 1
845 1 2 3
3036 3 2
3180 3 2 1
3207 1 2 3
3136 2 3
3079 2
2993 1 2 3
3127 2
295 3 2 1
2285 3
2192 2 1 3
2367 3 1 2
2197 3
2266 3
2390 2 1
