274 5
206 4 5 6
780 5 7 2 6 3 8 4
19 6 1 2 3 4 5 7 8
390 1 2 7 4 8 3 5 6
0 8 7 6
3 6
34 4 3 2 1 6
77 5 4 3 2 1
274 3 8 1 2 7 4
177 8 1 2 7 6 5 4
0 5 4 3 2 1
1008 6 2 7 3 8 4
1022 4 8 3 7 2 6 5
1035 5 6 2 7 3 8 4 1
1047 1 4 8 3 7 2
1089 2 7 3 8 4 1
93 1 2 3 4 5 6 7
605 1 5 6
742 6
1172 1 4 8 3 7 2 6 5
1799 2 3 8 6 1 5 4
923 4 8 3
1445 5 6 2 3 8 4
2040 8 6 1 5 4 3 2 7
2112 1 5 4 3 2 7 6 8
2204 8 6 7 2
2268 2 7 6 8 3
121 8 1 2
121 7 6 5 4 3
2584 5 4 3 8 2 6
742 4 8 3
2658 6 2 8
2674 8 2 6
1047 5 6
2726 6 2 8 3
2751 3 8
2772 6 4 5
2772 8 3 2
2810 5 4 6 2 3 8 7 1
2851 1 7 8
662 4 8 3 6 5 7 2
247 6 5 4 7 2 1 8 3
52 7
539 5 6
742 2 7 5
354 6 5 3 8
1603 2 6 1 5
1727 8 3 2
70 8 7
1888 7 2 3 8 6 1 5 4
1841 4 5 1 6 8 3 2 7
1955 4 5 1 6 8
923 7 2 6
539 1 2 7 4 8 3
2058 7 2 3 4 5 1
1282 5 6 2 7
1348 5 6 2
2912 8 7 1 3 2 6 4
2981 4
3074 5 8 7 1 3 2 6 4
3070 4 6 2 3 1 7 8 5
3147 4 6 2
3197 2 6 4 3 1 7 8 5
567 3 8 4
34 8 7 5
152 3 4 5 6 7 2 1 8
56 6 1 2 3 4 5
206 3 8 1 2 7
854 4 8 3 6 2 7
274 6
1191 5 6 2 7 3 8 4 1
1282 1 4 8 3
234 8 1 2 7
2287 3 8 6 7 2 4 5 1
2346 1 5 4 2 7 6 8 3
2355 3 8 6 7 2
2418 2 7 6 8 3 4 5
2421 5 4 3 8 6 7
2438 7 6 8 3 4 5 2
2480 2 5 4 3 8
2480 6
16 2 1
2489 8 3 4 5
327 4 7 2 1
854 1 5
567 2 7
1370 3 8 4 1 7
1445 7 1
1493 1 7 4 8 3 2 6
1552 6 2 3 8 4 7
1603 7 4 8 3
1691 5 1 6 2 3 8
456 6 5 3 8 4 7 2 1
