1060 4 3 2 1
1139 1 2 3 4
954 3 2 1
1277 2 3
1208 4 3 2
1327 2 4
1327 3
897 1 2 3
118 4
1492 1 3 4
1462 2 4 3 1
1402 3 4 2
1558 3 4 1
1548 4 3
1674 3 4
1726 2 1 4 3
1609 1 4 3
1674 1 2
1792 3 4 1
1792 2
1874 3 2
1958 2 3 4 1
1874 1 4
2000 4
2040 2 3
1985 3 2
1985 1 4
2090 2 1
2244 2 1 3
2090 4 3
2172 1 2
2324 3 1 2 4
2490 3 1 2 4
2416 4 2 1 3
2527 4
2142 4 3
2527 2
2551 2 1 3
2558 2
2625 2 4 3
2558 4 3 1
2621 1 3 4 2
2706 1 2 4
2667 3 4 2 1
2775 1 2 4
2765 4 2 1
2781 4 2 1 3
2800 4 2 1
2799 3 1 2 4
7 1 2 3 4
0 4 3 2 1
84 1 2 3
43 3
38 2 1
38 4 3
84 4
180 3 2 1
234 1 2
267 4 3 1 2
265 2 1 3 4
348 1 2 3
271 2 1
451 4 1
451 2 3
384 3 2 1 4
512 4
512 3 2 1
612 4 3 2 1
604 1 2 3 4
625 3
625 1 2
781 1 2 3
694 2 1
897 4
855 3 2 1 4
1030 1 2 3 4
958 4
