1390 7 1 3 5
1471 4 8 5 3 1 7 6
1611 5 8 4 3 1 7 6
1673 6 7 1
10 2
153 6 8 5 2
32 2 5 4
0 6 5 4 3
1145 7 2 5 3 1 6
1201 6
1201 1 3 5 2
1210 2
2455 5 3 2 1 8 7 6
2566 4
2541 6 7 8 1 2 3 5 4
2651 4 5 3 2 1 8 7 6
1673 3 4 8 5
1747 5 8 4 3
179 2 5 8 6 1
1828 3 4 8
577 5 2 7 4 8 6 1
460 5
1910 4 3 5 1 7 6 2
1975 2 6 7 1 5
518 1 6 8 4 7 2 5
664 1 6 8 4 7
711 7 4 8 6 1 2 5
732 5 2 1
235 3 4 7
1000 6 1 3 5 2 7 4
1044 4 7 2 5 3
0 8
1329 8 4 7 1 3 5 6 2
1336 2
1390 8 4
88 7 1 2 5
968 8 4 7 2 5
2283 7 6 2 3
2376 1 8 7 6
2411 6 7 8 1 2 3 5
299 5 8 6 1 2 7 4
732 6 8 4 7
762 7 4 8 6 1
88 6 8 4
152 4 7 1 2 5 8 6
237 1 6 8 5
1904 2 6 7 1 5 3 4 8
1910 8
2053 5 1 7 6 2
4 3 4 5 6 7 8 2 1
9 1 2 8 7 6 5 4 3
10 3 4 5
237 2
140 3
2146 2 6 7 1 5 4
153 4
878 2 7 4 8
1044 1 6 8
1551 2 6 7 1 3
1792 1
1975 3 4
1060 4 7 2 5 3
1105 4
1336 6 5 3 1 7 4 8
32 8 7 6 3
153 7
66 8 4 5 2 1 7
1390 2 6
1792 6 7
2198 4 5 1 7 6 2 3 8
748 3 5 2
1708 2 6 7 1
787 3
2283 1 8
299 3
2247 8 3 2 6 7
1212 6 5 3 1 7 8 4
451 8 6 1
1303 4 8
838 1 6 8 4 7 2 5
878 5
904 8 4 7 2 5
97 3 6 8
664 3 5 2
1128 8 6 1 3 5 2 7
451 2 7 4
878 6 1 3
974 3 1 6
112 5 2 1 7 4
47 3 6 7 8 4 5 2 1
56 1 2 5 4 8
2046 3 4
1869 8 4 3 5 1 7 6 2
2372 3 2 6 7 8 1
367 5
1540 6 7 1 3 5 8 4
1551 4 8 5
0 7
367 4 7 2 1 6 8
18 5 4 3 6 7 8
