15 8 7 6 3
141 2 1 8
1917 1 8 2 6 4 7
1573 3 7 4 6 2 8 1
2158 3 1
1940 7 4 6 2 8 1 3
2257 7
387 7
77 4 5 2 1 8 7 6 3
488 2 5
106 3 6 7 8 1 2
1611 1 8 2 6 4
1698 4 6 2 8 1
1767 1 8 2 6 4 7 3
28 3 6 7 8 1 2
298 5 3 6 4
364 4 6 3 5 2
24 4 5
13 5 4
860 6 2 5 8 1
955 1 8 5
805 7 4 1 8 5 2 6
1353 5 3 7 4 6 1
1446 5 3 7 4 6 1 8 2
1520 2 8 1
1537 1 8 2 6 4 7 3
706 4 1 8 5 2
615 7 2 5 8 1 4
778 2 5 8 1 4 7
106 4
387 8 1
706 3 6 7
15 2 1
1097 5 3 7 4 6 2 1
196 5
106 5
141 7 6
196 3 6
553 2 5 8 1 4
182 4 2 1 8 7 6
860 3 7 4
1206 8 5 3 7 4 6
437 2 5 3 6 4 1 8
955 4 6 2
51 7 8 1 2
196 4 2 1 8 7
258 7 8
1206 1 2
1997 3 1 8 2 6 4 7 5
51 3 6
2089 5 7 4 6 2 8 1 3
895 7 4
1045 5 8 1 2 6 4
2158 8 2 6 4 7
2253 3
2253 7 4 6 2 8 1
617 3 6
1144 1 2 6 4 7 3 5 8
1353 2 8
1374 1 6 4 7 3 5
1790 3 7 4 6 2 8 1
1857 1 8 2 6 4 7
188 5 3 6 7 8 1 2 4
1865 7 4 6
1865 2 8 1
2315 4 6 2 8
2399 8
2435 8 2 6 4 7 1 3 5
298 7 8 1
0 8 7 6 5 4 3 2 1
7 6 7 8
553 3 6
588 4 1 8 5 2 7
1292 6 4 7 3 5 8 2
964 5 8 1 2 6 4
521 7 2 5
1611 3 7
1699 3 7
2257 1 8 2 6 4
964 7 3
1050 3 7 4 6 2 1 8
258 1 2 4 6 3 5
1062 8 1 2 6 4 7 3 5
488 8 1 4 6 3
550 7
550 3 6 4 1 8 5 2
49 5 4
7 1 2 3 4 5
141 3 5
