465 7 5 8
464 1 4 3 6 2 8 5 7
446 2 6
338 5 8
278 7 8 5 3 6 2 1 4
247 3 5
223 6 5 3
155 5 6
2201 7
1649 8 7 2 1 3
2221 7
2118 5 4 6 3 1 2 7
2201 2 1 3 6 4 5 8
255 2 6 3 5
1978 7 2 1 3 5 4 6
1978 8
1883 4 5 3 1 2 7 8
1818 8 7 2 1 3 5 4
2030 6 4 5
338 6 2 1 4 3
155 7 8
230 4 1 2 7 8
0 5 6
233 8 7
289 4 1 2 6
23 5 4
218 8 7
2959 3 5 4
3034 2 7 1 8
3278 6 8 1 3 5
2959 6 8 1 7 2
2900 7 1 8 6 4 5 3
3185 3 5 4 2 7
3093 8 1 7 2 4 5 3
3269 7 2 4 5 3 1 8 6
1729 6 4 5 3 1 2 7 8
1614 7 2 1 3 6 4 5
1539 4 6 3 1 2 7
1649 5 4 6
155 2 1 4
124 8 7 6 5 4 1 2
1043 5 8 1 2
1106 8 5 7 3 6
1106 2 1
0 3 4
958 2 1 8 5
384 3 4 1
907 5 8 1
823 7 2 5 8 1 4
907 6 3 7 2
906 4 1 8 5 2 7 3 6
921 2 7 3 6 4
23 1 2
16 8 7 6 5 4 3 2 1
0 8
958 4 6 3 7
1196 6 3 7 5 8 1 2 4
1282 4 2 1 8 5 7 3
1009 6 3 7
1287 3 7 5 8 1 2 4 6
1317 6 4 2 1 8 5 7
56 2 1 4 5 6 7 8
0 7
127 3
66 3
289 7
410 7 5 8
737 6 3 4 1 8 5 2 7
645 4 3 6
2753 2
2805 2 3 5 4 6 8 1 7
2682 8 6 4 5 3 2
2609 1 2 3 5 4 6 8
442 8 2 6
491 1 4 3 6 2
465 2 6 3 4 1
384 2 6
1357 3 6 4
1107 4 2
1171 2 1
1015 6 3 7
1188 1
1107 1
1465 1
1119 4
1417 2 1
506 8
1417 8 5 7 4 6 3
1443 3 6 4
1357 7 5 8 1 2
560 2 6 3 4 1 8 5
645 5 8 1
2308 7 8 5 4 6 3 1 2
2313 1 2 3 6 4
2466 1 2 3
2391 4 6 3 2 1
2466 6 4 5
2312 2 1
2521 3 2 1
23 3
