4250 1
4259 1
4317 1
4388 1
4355 1
4433 1
4525 1
4493 1
4558 1
4636 1
4653 1
1492 1
1034 1
323 1
1565 1
3783 1
3868 1
3917 1
3958 1
4011 1
4009 1
4024 1
4110 1
4170 1
811 1
902 1
431 1
936 1
968 1
1090 1
1105 1
1193 1
1155 1
1639 1
1717 1
1770 1
10 1
256 1
25 1
1282 1
3000 1
2596 1
2197 1
3001 1
3033 1
3128 1
3112 1
3217 1
3385 1
3267 1
3481 1
3507 1
3539 1
3560 1
3649 1
3646 1
3710 1
58 1
109 1
413 1
1 1
4 1
1405 1
696 1
358 1
758 1
775 1
780 1
801 1
1850 1
1885 1
2552 1
1617 1
3291 1
0 1
549 1
614 1
186 1
695 1
116 1
2259 1
2303 1
1341 1
2117 1
2389 1
2416 1
2478 1
1907 1
1990 1
470 1
2004 1
2057 1
2634 1
2699 1
1027 1
2866 1
2794 1
2880 1
2879 1
2967 1
