240 2 3
690 4 1 5 3 2
413 2 3 4
725 2 3 5 1 4
811 4 1 5 3 2
906 2
1026 2 3 5 1 4
1099 4 1 5 3 2
990 1 5 3 2
1228 4 1 5 3 2
1172 2 3 5 1 4
1325 5 1 4
1244 2 3 5 1 4
1320 3 2
1320 4 1 5
1401 4 1 5
1424 5 1 4 2
1486 4 2 1 5
1462 2 4
1562 3 4 2 1
1557 5 1 2 4 3
1570 1 2 4 3 5
1577 5
1663 3 4
1663 2 1 5
1679 4 3
40 2 3 4
0 5 4 3 2
22 1 5
213 3 4 5 1
6 4 3 2
240 1 5 4
213 2
280 4 5 1
365 1 5 4 3
401 3 4 5
401 1
429 1 5
505 5 1 4 3
589 3 4
589 1 5
665 5 1 4
1761 3 4 5 1
1844 5 1 4 3
1577 3 4 2 1
1817 1 5
1868 3
1945 3 4
1983 1 3 4 5
1954 4 3 1
1647 1 2 4 3
2052 2 1 3 4
2018 5 4 3 1 2
2092 4
906 3 5 1
2228 4 2 1 3 5
2160 4
2160 3 1 2
2357 3 5 1 2 4
2092 1 3
2188 5 3 1 2
2289 5 3
2412 4 2 1 5 3
2429 2 1 5 3
2425 3 5 1 2
2194 5 3 1 2
2515 5 1 2 4
2515 3
1817 2 3 4
2606 3 4 2 1 5
2651 5 1 2 4
2568 4
2691 4 2 1 5 3
2858 4 2
2858 1 5
2782 3 5 1 2 4
2944 2 4 5 1
2957 1
2289 1
3086 3 5 4 2 1
3008 2 4 5
3008 3
2965 1 5 4 2 3
3105 1 2 4
3111 5
3111 4 2 1
3166 5 1
3143 3 4 2 1
3172 1 5 2 4 3
3207 3 4 2 5
3239 5 2 4 3
3334 3 4
3352 4
3445 1 5 2
3352 3 2 5 1
5 2 3 4 5 1
54 4 3 2
6 1 5
124 2 3 4 5 1
198 1 5 4 3
