494 1 4
732 1 6 2
825 3 7
888 7 3
1019 5 1 6 2
936 2 6 1 5
396 6 4
1019 3 7
1096 7
257 6
34 4 2
1046 1 5
1123 5 1
1166 1
825 4
0 1
911 4
101 1 4 2
952 7 3
974 4
184 3 7
404 3 7 5 2
1046 2 6
1124 6 2
5 4 5 6 7
1191 2 6 1 5
370 4 1
453 6
809 5
217 5
279 3 7 5 2
255 5 7 3
257 1
15 1
19 3 2 4
121 2 4 1
164 5 6 7 3
494 2 5 7 3
15 2 3
164 1 4 2
190 2 4 1
206 1 4 2 6
557 4 1 6
612 7 3 5
761 4 7 3
880 1 6 2
1141 7 3 4
1216 4
613 6 1
676 1
217 6 2 4 1
257 4
325 4 1
47 5 6 7 3
346 2 5 7 3
532 5 2
574 2 5
809 2 6 1
603 2
0 7 6 5 4
127 3 7 6 5
532 3 7
404 1
670 5 3 7 4
0 3 2
16 7 6 5
49 2 4 1
