16 3 5 6
33 7
362 5 7
483 3 2 7
492 7 2 3
269 7 4 1
295 1 4 7 5
16 1 2 4
98 2
573 7 2 3
0 6 5
527 6 4
605 5 1 6 4
689 1 5 3
645 4
249 3 1 4 7
112 4 7 3 1
358 6 3 2
49 2 4
249 2 6
362 4
182 3 7 4 1
605 3 2 7
388 2 3 6 1
642 7 2
688 2 7
690 4
735 4 3
744 3 4
744 2 7 5
70 4 7
690 7 2 6
736 6
782 4 3 6 1
455 4
536 1
451 6 1 5
272 6 2 3
486 5 1 6
159 1 5 6 2
325 5 7 4 1
362 1
329 2 3 6
301 3 2
224 7 4 1 3
451 2 3
521 3 2 7
567 4 6 1 5
176 2 6 5
2 3 4 2 1
205 5 6 2
0 4 3
42 2 4
85 1 3 5 6
107 6 5
390 5
66 2
195 1 4 7
216 7
416 1 6 3 2
42 6 5 3 1
0 7
85 7 4
121 1 3 7 4
23 4 2 1
20 7
159 4 7 3
397 7 4
495 6 1 5
527 5 1
560 7 2 3
416 4 7
3 6 5
249 5
645 6 1 5 3
677 3 5 1
