1908 1 3 2 6
1908 7
1993 6 2 3 1
1839 3 1 7
2921 4 8 2 3 1 5 6 7
2877 7 6 5 1 3 2 8 4
2769 4 8 7 6 5
2865 2 3 1 5 6 7
122 7 8 1 6
426 3 2 5 7 4 1 8 6
429 6 8 1 4 7 5 2 3
365 8 1 4 7 5 2 3
1402 3 7 5 4
1447 4 5 7 3
1460 3
1502 3
1292 3 7 5 2 6 8 4 1
1332 1
1315 1
1350 2 6 8 4 5 7 3
1252 8
1207 4 8
1138 4 8 3
1315 4 8 6 2
208 5 7 8 1 6
895 2 5 7
226 6
1056 1 4 8 3 6 2 5 7
696 6 2 5 7 4 1 8 3
587 8 1 4 7 5 2 6 3
600 3 6 2 5 7 4 1 8
612 8 1 4 7 5 2 6
3084 7 6 5 1 3 2 8
3080 1 5 6 7
3091 8
3006 7 6 5 1
882 6
612 3
208 4
364 6
1757 1 3
1696 7 3 1
164 5
122 2 3 4 5
54 5 6 1 8
30 2 3 4 5 6
197 4 3 2 6 1 8 7 5
142 5 4 3 2 6 1 8 7
164 7 8 1 6 2 3 4
1044 4 1
983 3 8 1 4
895 4 1 8 3
882 3 8 1 4 7 5 2
851 6 2 5 7 4 1 8 3
807 8 1 4 7 5 2 6
968 7 5 2 6
329 6 3 2 5 7
530 3 6
1543 3
1138 1
2683 2 3 1 5 6 7 8 4
28 1 8 7 6 5 4 3 2
29 2 3 4 5 6 7 8 1
14 2 3 4 5 6 7 8 1
1138 7 5 2 6
1233 6 2 5 7 3
74 7 8 1 6 5 4 3 2
30 7
30 1 8
0 8 7 6 5 4 3 2
473 3 2 5 7 4 1 8 6
492 6 8 1 4 7 5 2
530 2 5 7 4 1 8
69 6 1 8
72 6 1 8
2769 1 3 2
1630 7 5 4 8 6 2
1556 2 6 8 4 5 7
1460 7 5 4 8 6 2
2524 4 2 3 1 5 6 7 8
2447 8
2351 2 3 1 5 6 7 8
329 4 1 8
226 1 8 7 5 2 3
287 6 3 2 5 7 8 1 4
2606 8 7 6 5 1 3 2
2447 7 6 5 1 3 2 4
2127 5 1 3 2 6 7 8
710 3 8 1 4 7 5 2 6
754 6 2 5 7 4 1 8 3
807 3
2313 5 1 3 2
1941 4 8 7
2219 4 8 7 6 2 3 1 5
73 5 6 1 8
1792 5 4 8 6 2
1696 2 6 8 4 5
2127 4
2063 1 3 2 6 7 8 4
378 6
