526 3 2 1
1378 2 1
1287 3 1 2
1703 1 2
2190 1
1799 3 2 1
2263 2 3
11 1 2
2465 3 2 1
2372 1 2
2314 3 2 1
82 3 1
2190 3 2
1195 2
1054 1
1134 1 2
1153 2
1220 2 1 3
26 2
1815 1 2 3
586 1 2
113 2
462 3 2
26 3 1
971 1 2 3
314 3 2
763 2 1
2007 1
2372 3
1935 1 2 3
364 3 2 1
0 3 2 1
391 1 2 3
85 1 3
208 3 1 2
127 3 1
82 2
273 1 2 3
255 2 1
130 1 3
45 1 3
14 2 1 3
466 2 3
745 3 1 2
835 3
665 2 1 3
922 3 2 1
1105 3
1849 3 2 1
1522 3 2 1
586 3
201 1 3
177 3 1
2098 2 3 1
1559 3
797 1 2 3
1559 1 2
1651 2 1 3
1703 3
2007 3 2
835 1 2
1054 3 2
1430 1 2 3
333 2 3
1500 3
