104 2 3 6 1 4 7 8 5
0 3
17 4
12 1
44 3
27 5
14 3
12 5
42 4
25 2
14 7
12 3
13 8
0 5
89 2
70 4
35 1
5 7
85 3
60 1
27 7
4 5
83 1
51 1
4 8
354 5 8 7 4 1 6 3 2
0 1
28 3
11 2
81 4
54 2
24 8
11 8
76 2
42 1
17 6
11 1
84 6
0 2
19 2
10 5
66 7
35 3
15 5
10 2
57 6
30 6
13 4
79 7
51 8
0 7
59 3
33 4
8 6
2 7
54 7
27 1
6 5
75 5
43 2
21 3
33 7
0 4
14 2
9 4
49 5
25 4
13 6
69 6
40 8
20 5
10 4
61 5
20 7
268 2 3 6 1 4 7 8 5
0 8
42 7
22 6
4 6
62 8
38 5
17 8
1 8
56 4
30 8
8 7
6 8
182 5 8 7 4 1 6 3 2
0 6
77 8
47 6
21 1
3 7
72 3
38 6
16 1
3 6
64 2
35 2
70 1
