1297 2
14 1
1062 2
896 1
1410 1
1325 2 1
1435 1 2
1480 1 2
1538 2 1
1434 1
1474 2 1
1596 2 1
1578 1 2
1705 1 2
1677 1
1751 1
1797 2 1
1751 2
1864 1
1872 1
1864 2
1968 1 2
1970 2 1
456 1 2
1984 1 2
1997 2
1933 2
2163 1 2
2089 1
2331 1 2
2244 2 1
2415 2 1
2388 2 1
2393 1 2
2635 2 1
2505 1 2
2560 2
2443 1
2789 2
2443 2
2721 1 2
2953 2 1
2859 2
2972 1
2972 2
2789 1
2045 2 1
3035 2
3191 1
3102 2 1
3315 2 1
3251 1 2
3418 1 2
3401 2 1
3362 1 2
3428 1
3420 2 1
3521 1 2
3599 2 1
3191 2
3199 2
3605 1 2
3603 1
3784 2 1
3428 2
3714 1 2
3697 2 1
3858 2
3812 2 1
3796 1 2
3858 1
3996 2 1
3947 2
50 1
386 2 1
814 1 2
760 1
1062 1
194 1
1147 2 1
1212 1 2
306 1
306 2
148 1
238 2 1
148 2
194 2
500 2 1
109 1 2
50 2
674 2 1
5 1 2
595 1 2
14 2
760 2
896 2
72 2 1
0 2 1
32 2 1
974 2 1
