1163 5 1 4 2 7 6 3
1208 2 4 1
1231 7 6 3
1154 3 6 7 2 4 1 5
1047 3 2 4
1142 7 6 3
1208 3 6 7
886 1 7 6
941 2 4 6 7 1 5
1086 4 2 3 6 7
969 5 1 7 6 4 2 3
933 2
358 1 5 6 7
870 4 2
833 4
755 4 2 3 5 1 7 6
870 3 5 1 7 6
785 6 7 1 5 3 2 4
663 6 7 1 5 3 2 4
329 4 7 6 5 1
208 1 2 3 4
96 1 2 3 4
17 1 2 3
0 7 6 5 4 3 2 1
143 3 4 5 6 7
81 7 6 5 4 3 2 1
17 6 7
143 1 2
112 4 3 2 1
515 1 5
629 5 1 7 6
629 3
424 1
603 6 7 1 5 3
537 2 3 5 1 7 6
392 3 2 7 6
424 6 7 2 3 5
515 3 2
329 2 3
279 5 6 7 4 3 2
208 7 6 5
17 4 5
