1631 8 7 6 1
14 7
1751 8 7 6 1 5 2 4
1661 7 6 1
1883 3 8 7 6 1
1824 1 6 7 8 3
1942 1 6 7 8 3
1689 8 7 6 1
539 6 5 2
1975 3 8 7
2037 7
2077 7 2 5 1
1101 6 1 3 8 7 4 2 5
2078 1 5 2 7
260 4
568 6 5 2
1575 4 2 5 1 6 7 8
1631 5 2
1824 4 2 5
1726 2 5 1 6 7 8
49 1 3
2532 8 6 4 1
2475 5 3 1 4 6 8
2624 1 4
2649 4 1 7
2706 7 1 4
1975 6 1 5 2
2713 2 5 3 8
2713 4 1 7
2804 7 1 4 8 3 5 2
2821 2 5 3
2850 1 4 8 2
2830 3 5 2 8 4 1
2921 2 8 4 1 5 3
2925 3 5 1
2850 5
2925 4 8 2 7 6
1701 8 7 6 1
2119 5 1
2624 6 8 3 5 2
3003 6 7 2 8 4 1 5
3079 5 1 4 8 2 7 6 3
3094 7 2 8 4
3094 3 6
3130 4 8 2 7 6 3
3294 5 8 4 1 2 7 6
3185 3 6 7 2
3185 8 4 1
3198 1 4 8 5
3358 6 7 2 1 4 8 5
3475 1 4 8 5 2 7 6 3
3394 5 8 4 1
3540 3 6 7 2
3571 2 7 6 3 5
2114 7 2 5 1 6 8 3 4
2119 4 3 8 6
2191 6 8 3
2262 3 8 6 4 1
1436 4 2 5 1 6 7
2335 1 4 6 8
2388 8
5 8 7
2388 6 4 1 3 5
260 2 1 3 8 7
0 2 1
260 5 6
1342 6 1 5 2 4
804 1 3 8 7 4 2
1183 1
1188 1
371 2 1 3 8 7
0 8 7 6 5 4 3
10 8 7 1
1 2
371 6 5 4
439 7 8 3 1 2
124 4 5 6 7 8
14 6 5 4 3 1
30 1 3 4 5 6 7 8
86 2 1 3 8
86 7 6 5 4
49 8 7 6 5 4
1489 7 6 1 5 2 4
121 3
166 8 7 6 5 4
212 4 5 6 7 8 3 1 2
1183 5 2 4 7 8 3
836 2 4 7 8 3 1
309 7 8 3 1 2
456 2 1 3 8 7 4
628 1 3 8 7 4 2 5 6
715 6 5 2 4 7 8 3 1
920 1 3 8 7 4 2 5
69 4 5 6 7 8 3 1 2
121 2 1
539 4 7 8 3 1
1011 5 2 4 7 8 3 1 6
5 3 4 5 6
1 1
1277 3 8 7 4 2 5 1 6
