18 8
26 1 6
18 2 1 5
54 5 4 6
59 5 1
57 4 6
10 1 2 6
21 2
46 5 3
9 3 6
47 6
19 4
37 5
51 4 1 2
53 2 1
34 2 5 8
12 2 6 7
39 8 3 4 7 1 6 5
40 1
25 5 8 3 2
44 8 2 1
0 8 7 6 5 4 3 2
1 2 3 4 5 6 7 8
0 1
2 2
2 8 7 6 5 4 3
52 5
57 3
61 3 6 4 7
13 2
23 6 1
15 2 1 5
16 4
13 1 3 8
9 2 1
12 4
52 3
40 4 3
40 8 2
37 2
29 7 4
42 5
45 6 4 3 5
8 6 7 8
15 8 3
7 1
15 6
21 5
32 3
38 3 8
10 3
42 2 8
23 3 8 4 7
33 1 8 5 2
55 1 2
55 5
42 3 4 6
11 4 7
45 1 2 8
47 8 2 1 4
27 8 5
11 6 2 1 3
12 3 1
13 5
30 6
34 6
51 8 7
9 5 4
40 7
13 7 6
17 5 1 2
36 6
40 5 6
34 1 7 4
18 6
21 6
10 4 5
18 3
11 5
21 7 4 8 3
31 4 7
46 7
30 5 8 1
21 1
12 5 8
24 8
58 2
55 6 4
62 8
62 1 5 2
9 8 7
10 7 8
18 7
11 8
24 7 4
14 4
27 4 7
8 3 4 5
27 2 3
15 7
