0 8
1946 4 8 3 1 7
0 7 6 5 4 3
1944 6 5
1797 8
1735 4
87 5 4 3
2036 7 1 3 8 4 5 6
66 2
1142 3
1735 8 6 5
1863 6
1863 5
1800 3 1 7 2
72 3 4 5
1800 5
1513 2
1421 2
1880 2 7 1 3 8 4
1421 7
63 1 2
1002 1
1734 2 7 1 3
1300 4
1240 4
1649 3 1 7 2
1152 4
877 4
1068 4
976 1
72 6
976 4
1649 4 8 6 5
792 4
1326 8
697 4
1255 8
501 2
1338 6
1255 6
1345 5 3
953 4 1
713 1
343 7 5
1420 1 3 5 6 8 4
1345 2 7
1345 1
1093 5 3
1255 5 3 7 2 1
539 4
1576 7 1 3 5 6 8 4
485 4
1097 7 2 1 6 8
1502 4 8 6 5 3 1 7
202 3
151 7
410 4
1020 2 7
343 4
328 4 7 5
953 6 8 3 5 7 2
860 1 2 7 5 3 8 6
72 7
144 2 1
61 1 2
144 6
784 3 5 7 2 1
784 6 8
446 2
235 4
713 2 7 5 3 8 6
621 4
621 1 6 8 3 5 7 2
289 5
1171 8 6 1 2 7 3 5
236 7
57 2
180 3
103 7
1020 5 3 8 6 1
289 3 8 6 1 2
135 2 1 6
446 7 5 3 8 6 1
227 5 2 1 6 8 3
360 2 1 6 8 3 5 7
164 7
152 5
152 4
152 3
516 1 6 8 3 5 7 2
0 1
164 8 6 1 2
553 2 7 5 3 8 6 1
0 2
76 8
72 2 1
