141 5
59 3
11 6 7 1
2 2 3 4
134 4 7 1 8
31 3
79 6
47 7
57 4
215 2 4 7
72 4 7
28 4
170 8 1 7 4 2
24 8
278 2 4 7
3 5 1
83 3 8
215 1
314 6 3
107 2
54 2 5 6
0 8 7 6
484 1 5 7 4
215 8
3 7 6
214 5
555 4 7 5
45 3
278 6
306 5 1
20 4
0 4 3 2
138 2
42 6 5 2
57 8 1
365 8
7 2
7 4 3
0 5
99 6
278 8
3 8
79 2
484 3
79 5
365 3 6 1 5 7 4 2
484 6
215 6
422 2 4 7 5 1
31 7
278 3 1 5
555 1
110 8
110 3
193 6 3 5
100 1
215 3
31 2 5 6
484 2 8
99 7 4
35 8 1
81 1
8 8
320 7
134 6 3
42 4
11 5
422 6
253 5 1 3 7 4 2
46 1 8
1 6 7 8
20 1 7 6 5 2 3
104 5
13 8
154 3 6
