150 3 7 6 5 2 4
99 7 6 5
0 1 2 3 4
171 4 2 5 6 7 3
254 3 8 1
278 1 8 3 2 4
308 4 2 3 8 1 7 6
1110 5 3 6 2 4 1
365 4 2
683 6 3 8 5
1154 1 4 2
1340 4 1 2 6 8 7 5
1873 4 3 5 7 8
1967 5 7 8 6 1
2024 1 6 8 7
312 2 6
92 8 7 6
351 4 2
118 7 6 5
492 1 7 2
25 4 8 7 6 5
53 5 6 7 8 4
0 8 7 6 5
60 5 3
254 5 6 7
310 6 7 1 8 3
660 7 4 2 5 8 3 6
1792 3 5 7 8 2
1718 1 4 2 8 7 5 3
1776 4 2 8 7 5 3
1758 3 5 7 8 2 4
1849 2 8 7 5 3 4
150 1 8
195 1 8
1543 6 2 4 1
1424 3 5 7 8
1484 2 6
1579 4 1 8 7 5 3
1677 2 4 1
895 1 7 4 2 6 3 8
418 6 3 8 1 7 2
919 8 3 6 2 4
959 4 2 6 3 8 7 1
207 3 7 6 5 2 4
96 3 5 6 7 8 4 2
254 4 2
453 2 7 1 8 3 6 4
492 4 6 3 8
37 1 2 3
60 4 8 7 6
837 1 7 4 2 6
589 4 6 3 8 5 2
683 1 7 4 2
521 4 6 3 8 5
1018 8 7 1 5
1300 5 7 8 6 2
1391 5 7 8 6 2 1 4
545 1 7
1424 4 1 2 6
1325 5 7 8 6 2
1481 6 2
837 8 3
1873 2 1 6
1928 8 7 5 3 4
414 5 4 2
310 5 4
1967 4 3
312 3 8 1 7
99 2 4 8
127 8 4 2 5 6 7 3
869 6 2 4 7 1
986 1 7 8 3 6 2 4
534 5 8 3 6 4
1018 4 2 6 3
1074 3 6 2 4
1200 1 4 2 6 8
1091 4 2 6 3 5
11 2 3 4
712 1 7 4 2
1259 8 6 2 4 1
1300 1 4
50 1 2
361 7 1 8 3 6
14 3 2 1
1481 1 4 8 7 5 3
1518 3 5 7 8
1579 6 2
1560 1 4 2 6
501 8 3 6 4
1621 3 5 7 8 1 4 2
14 5 6 7 8 4
604 2 5 8 3 6
1154 6 3 5 7
1182 2 4 1 7 5 3
642 6 3 8 5 2 4 7
1200 3 5 7
742 5 8 3 6 2 4 7 1
