1787 4 3 1 2
1912 5 6 4 2 1
1904 3 1 2 4 6 5
1912 3
1992 1 2
2047 2 1 4 6 5
1696 3 4
1657 5 6 2 1 4 3
1881 2 1 3
1517 3 5 6 2 1
1696 5 6 2 1
1602 4
1517 4
1434 2 6 4
1575 1 2 6 5
1498 5 3 4
1434 3 5
1343 1 5
1340 4 3 5 1
1314 2 6 1 5 3 4
943 4 3
1343 3 4 6 2
1222 5 1 6 2
1039 6 1 5 2 3 4
1140 6 1 5
1088 4 3 2 5 1 6
877 6 1 5 2 3 4
836 5 1 6
943 2 5 1 6
484 4 3 2 5 1
834 4 3 2
834 6 1 5
779 4 3 2 5 1 6
700 6 1 5 2 3 4
632 4 3 2 5 1 6
537 2 3 4
469 1 5 2 3 4 6
537 1 5
484 6
436 6 4 3 2 5 1
401 1 5 2 3 4 6
314 6 4 3 2 5 1
75 6 5
234 2 3 4 6
165 5 6 4 3 2
16 4 5 6
0 6 5 4
