33 2
34 3
32 1
35 1
274 3
304 3 1 2
310 2
310 1
310 3
314 1 2
32 3
31 2
17 1
19 2
196 1
265 2 1 3
271 3
271 1
271 2
276 2 1
30 1
30 3
13 3
16 3
192 3
253 3 1 2
259 2
259 1
259 3
263 1 2
28 1
29 2
10 3
15 2
39 1
95 1 3 2
101 2
101 3
101 1
106 1 3
27 2
28 3
6 1
13 1
196 2
241 2 1 3
247 3
247 1
247 2
251 1 3
26 3
26 1
3 1
11 2
108 3
183 1 2 3
189 3
189 2
189 1
194 1 2
24 1
25 2
3 3
9 1
108 1
171 3 2 1
177 1
177 2
177 3
181 2 1
23 2
24 3
0 1
7 2
104 2
159 1 2 3
165 3
165 2
165 1
169 2 3
22 3
22 1
0 2
6 3
36 3
83 2 3 1
89 1
89 3
89 2
93 3 1
20 3
20 1
0 3
3 2
35 2
71 3 1 2
77 2
77 3
77 1
81 3 2
