252 1 3 4
674 1 5 2 4 3
763 3 4
842 4 3 2
1188 4 3 2 6 1
1279 1 6 2 3 4
435 3 4 2
91 3 4 5 6 2
597 3 4 2 5 1
508 2 4 3
252 2 6 5
2841 3 4 5
3873 3 2 4
3952 4 2 3 1
4104 3 1 6 5 4
4185 4 5 6 1
4185 3 2
3338 1 6 5 3 2
4029 2 4 5 6
4029 1 3
4273 1 6 5 4
4789 6 3 4 1
2520 2 5 4 3
4367 4 5 6 1 2
2215 1 6
4697 4 3 6
4616 1 6 3 4
2127 3 4 5 2
4529 6 1
4440 2 1 6
3180 3 2 4
2922 2 6 5 4
3094 6 5 4 2 3
3251 4 2 3
343 4 3 1 5 6
2841 6 2
2759 3 4 5 2 6
3251 5 6 1
1001 4 3
3000 4 5 6
5745 5 2
5053 6 5 2
5666 4 6 3 2 5
5489 5 2 3 4 6
1469 6 2 3 4
6008 4 6
2127 1 6
5931 3 5 2 6 4
5838 2 5 3
5571 6 4
4885 1 4 3 6 5
2043 6 2 5 4 3
5238 4 3 2 5
5412 4 3 2 5
1460 5 1
4971 5 6 3 4 1
5319 5 2 3 4
4529 2 5 4 3
5146 3 4
5053 1 4 3
2285 3 4 5 2
914 4 3
2433 6 1
2433 3 4 5 2
2362 2 5 4 3
167 2 6
2205 2 5 4 3
2610 3 4 5 2
2610 1 6
2681 2 5 4 3
1375 5 1
1632 2 3 4 5
3596 2 3 5 6 1
3689 1 6 5 3 2
3783 5 6
3505 6 5 3 2
3783 2 3
3855 6 5 1
3000 1 3 2
3414 2 3 5 6
926 5 1 6 2
1012 2 6 1 5
763 2 5 1 6
1099 5 1 6 2
435 6 5 1
0 1 2
1099 3 4
834 6 1 5
0 6 5 4 3
518 1 5
1796 3 4 5 2
1958 1 3 4
1549 4 3 2 6 1
1958 5 2 6
1726 6 1
1375 4 3 2 6
1632 1 6
1887 2 5 4 3 1
1726 5 4 3
167 5 4 3 1
