1 6 7
10 8
10 6 7
288 1
498 5
91 1 8 6
6 8 3 2 5 4
261 6 3
261 1
318 5
2 4 5 2 3 8
0 8 7 6
23 3
261 8
556 3 6 7 8 2
216 7 3 6 1 8 2 5
10 1
43 7
261 5
137 7 3 6
23 7
3 7 6
23 5
23 2
10 4
19 1 8
425 5
482 1 2 8 7 6 3
150 4
28 4
261 2
3 1
190 1
548 5
556 1
375 8 7
0 3 2
190 8
700 1 3 6 7 8 2 5
375 2
740 5 2 8
73 3
28 8 1
316 1
70 4 2 5 6 8 1
261 7
150 5 2
178 5 2
14 7 6 5 2 3
23 6
42 1 8 6 5 2
173 6 3 7
150 8 1
312 2 8 7 4 3 6
783 1
626 5
91 5
106 6 8 1 5 2 4
783 8 2 5 7 6 3
51 3
257 4
359 1
71 7
49 4
375 6 3 4
34 3
425 4 3 6 7 8 2 1
626 2 8 7 6 3 1
119 4 2 5 1 8
216 4
0 5 4
18 4
106 3 7
