2127 7
2637 2
3799 3 6 5 2 7 4 8
3175 3 6 2 1 5 8 4
1432 8 1 7 3 6 2 4 5
2393 1 4
4229 3 1 6 4 7 2 5 8
3789 5 6 3
3991 4 7
2381 8 6 3 4 1
2479 4 1
1216 6
2557 1 4 3 6 8 2
1512 5 4 2 6 3 7 1
4066 6 5 2 7 4
46 1 2 3
3755 8 4 7 2 3 6 5
2806 5
1216 2 4 5
1702 2
3674 3 2 7 4 8
46 4 5 6 7 8
4304 8 5 2 7
1159 6 5 4 2
1341 8 1 7 3 6 2 4
2362 6 8
2221 6 2 5
3850 6
3125 5 1 2 6 3
3482 7 4 8 5 1 2
885 1 8
3268 3 6 2 1 5 8 4 7
1072 6 5 4 2 3 7 1 8
3538 8 4 7
2714 4 3 6 8 2 1 5
2994 2 1 5 8
3674 1 5 6
1857 1 7
3538 2 1 5
1698 3 6 2
3336 5
2408 4
3391 5 8 4 7
1395 4 2 6 3 7 1 8
742 2 4 5 6 3 1 8 7
1717 2 6 3 4 7
1576 1 7 3 6 2 4
1967 4 3 8 5 2
185 2 3 4 5 6 7 8
2354 1 4 3 8 6
4199 5 2 7 4 6 1 3
537 2 4 5 6 7 8 1 3
4307 7 2 5 8 1
1748 7 4 3 6 2
1904 8 5 2 6
1153 8 1 7 3 2 4 5 6
3909 3 1 6 5 2
2408 5 2 8 6 3 1
1805 2 6 3 4 7 1
1009 3
3101 3 6 2 1 5
4147 4 7 2 5
1967 6
2637 8 6 3 4
957 8 1 7 3 6 5 4 2
1998 3 8 5 2
2051 6 2 5 8 3 4 1 7
885 3 7
3072 8 5 1 2 6 3
4304 4 6
1009 2 4 5 6
2899 5
1644 4 2 6 3
3850 1 3
2039 3 8 5 2
3841 8 4 7 2 5 6 3 1
3991 2 5 6
2186 7 1 4 3 8 5 2 6
3909 7 4
350 5 6 7 8 1
804 7 8 1
2264 5 2 6 8 3 4 1
118 8 7 6 5 4 3 2
3324 7 4 8 5
587 3 1 8 7
0 8 7 6 5 4 3 2 1
1866 7 1 4 3 6 2 5 8
3261 4 8 5 1 2 6 3
1298 5 4 2 6 3 7 1 8
3627 3 6 5 1
3538 6 3
2971 5 1 2
651 7 8 1 3 6 5 4 2
347 4
347 1 8 7 6 5
296 3 2 4 5 6 7 8 1
240 8 7 6 5 4 3 2
444 1 8 7 6 5 4 2
262 2 3
91 3
