0 7 6 5 4 3 2
97 6 5
363 5 3 2 4 6
264 3 2 4 6
39 2 3 7
138 5 6 4 2 3 7
972 3 5 7 1 2 6 4
810 4 6 2 3 5 7 1
1052 4
882 4 6
1345 5 7 6 2 1 3 4
97 3 2 4
732 6 4
221 1 5 6 4 2 3
1073 4 6 2 1 7 5 3
179 7 3 2 4 6
1154 3 5 7 1 2 6
732 7 5 3 2
64 7 3 2 4 5 6
654 6 4 2 3 5 7
1642 5 6 2 7 4 3
1687 3 4
1256 4 3
741 5 3 2
315 6 4 2 3 5
5 2 3 4 5 6
882 2
493 1 7 5 3 2 4
571 4 2 3 5 7 1
12 3 7
882 1 7 5 3
591 1 7 5 3 2 4 6
315 1 7
5 7
264 1 5
1397 4 3 1 2 6
1484 6 2 1 3 4 7
39 5 4
1574 1 3 4 7 2 6 5
1170 4 3 5 7
1558 7 4 3 1
1265 1 2 6 7 5
39 6
0 1
11 6 5 4
23 4 5 6 7 3 2
431 6 4 2 3 5 7 1
179 5 1
719 7 5 3 2 4 6
1170 6 2 1
