0 8 7 6
14 1 2 6 7
238 5 8 3 4 6
396 4 7 1 2 5 8
1124 7 3 1 8 5 2 4
1370 1 3
37 3 4
368 6 3 8
580 8 5 2 6 3
1370 7 6 4 2 5 8
580 1
74 8
580 4 7
792 3 8 5 2
1697 1 2 5 8
1993 1 4 6 3 7 2 5
134 7 1 2 6 4 3 8
215 7 1
950 6 3 7
2054 5 2 7
11 3 7 6 2 1
215 2 6 4 3 8 5
341 4 7 1 2 5 8 3 6
454 8
8 3
44 1 2 6 5
368 5 2 1 7 4
516 5 2 6 3 4 7 1
1319 3 1 8 5 2 4 6 7
13 4
74 4 3
548 1 7 4
756 5 8 3 4 7
1641 6 4 8 5 2 1
636 1
102 5
792 7 4
949 8 5 2 4
1932 7 3 6 4 1
6 2 3 4 5 8 7 6
193 8 3 4 6 2 1 7
992 7 3 6 4 2 5 8 1
1078 1 3 7
10 4 5 8
37 7 8 5 6 2 1
314 3 8 5 2 1 7 4
1171 4 2 5 8 1 3 7
815 6
13 5 8
74 5 6 2 1
548 3 6 2 5 8
684 6 2 5 8 3 4 7
1531 7 6 4 8 5 2 1 3
21 4
101 4 3 8
648 8 5 2 6
909 7 4 2 5 8
1872 2 1 4 6 3 7
117 8 3 4 6 2 1 7
44 7
909 3 6
1078 6 4 2 5 8
8 6 7 8 5 4
24 3 1 2 6 7 8 5
262 6 4 3 8 5 2 1 7
288 6
1218 2 4 6
30 5 8 7
63 1 2 6 5 3 4
485 1 7 4 3 6 2 5
1268 6 4 2 5 8 1 3
1422 3 1
45 4 3
86 1 2 6 5
720 7 4 3 8 5
1476 2 5 8 4 6 7
1754 8 5 2 1 4 6 3 7
44 8
152 8 3 4
829 2 5 8 3
1034 1 8 5 2 4 6
5 6 7 8 5 4 3 2
172 5 7 1 2 6 4 3 8
65 7
720 6 2
1218 7 3 1 8 5
18 7 6 2 1 3
288 7 1 2 5 8 3
424 8 5 2 1 7 4 3 6
765 6
1422 8 5 2
52 5 6 2 1
454 6 3 4 7 1
613 7 4 3 6 2 5 8
1586 3 1 2 5 8 4 6
1641 7 3
86 3 4
152 6 2 1 7 5
869 3 8 5 2 4 7
1813 7 3 6 4 1 2
