439 7 2 4
384 2
58 6 5
384 7
93 4 1 2 7
1957 2 4 3 5 1
2371 5 1 7 6 2
652 1
2696 7 6 2 3 4
2729 2 3 4 6 7
2764 7 6 4 3
926 5 7 1
93 3 5 6
1394 5 3 4
315 6 5 3
114 3
384 3 5 6 1
0 7 6 5
142 4 1 2 7
0 4 3
315 7 2 1
1755 7 2 6 1 5 3 4
834 3 4 2 6
1140 5 3 4 2 6 1
9 1 2 7
652 6
9 6 5 4
35 3 6 5 4 7 2 1
46 3
1569 2 6 1
114 6 5
2018 1 5 3 4 2 6 7
199 6 5 3
2283 3 4 2
576 3 5 7 2 4 6 1
1307 5 3 4 2 6 1
1054 7 1 6 2 4 3 5
834 7 1
1662 4 3 5 1 6 2 7
500 4 2 7 5 3
257 3 5 6 4 1 2 7
25 1 2 7 4 5 6 3
834 5
2248 1 7 6 2 4 3
74 5 6 7 2 1 4
3113 3 4 6
2960 3 4 6 7 2 5
652 3
3053 5 2 7
1140 7
2764 1 5 2
3100 7 2 5 6 4 3
16 6 5 4
114 7 2 1 4
1474 2 6 1 4 3 5
315 4
2603 1 5
2336 3 4
652 4 2
2547 4
2462 2 6 7 1 5 4
2547 5 1 7 6 2 3
46 4 5 6
46 1 2 7
2714 4 3 2
2888 1 5 2 7 6 4 3
2823 3 4 6 7 2 5 1
2603 3 2 6 7
1228 1 6 2 4 3 5
2162 5 3 4 2 6 7 1
1394 1 6 2
1850 4 3 5 1 6
1921 6 1 5 3 4 2
1569 5 3 4
153 3 5 6
652 7 5
2283 6 7 1 5
2093 7 6 2 4 3 5
743 5 7 1 6 2 4 3
920 6 2 4 3
183 7 2 1 4
4 3 4 5 6 7 2 1
966 3 4 2 6 1 7
449 1 6
16 7 2 1
