6 7
39 3 8 1 5 6
42 6 5 1
77 6 5 4 3 8 1 7 2
79 2
81 2 5
72 2 7 1 8
75 2 7 1 8 3
79 6 5
0 1
10 4 3 8 1
13 2 6 5 4 3 8 1 7
45 1
50 8 1 5 6 4
53 4 6 5 1
26 8 1 7 2
42 8 2 7 4
50 7
22 7 1 8 3 4 5 6
24 6 5
27 5 6 2 7 1 8 3 4
11 7
94 8 3 4 5 2
97 2 5 4 3 8
1 3 4 5 6
2 7 6 5 4 3 8 1
3 1 8 3 4
24 4 3 8 1 7 2
28 4 3 8 1 7 2 6 5
31 5 6 2 7
4 7 2
16 7 1 8 3
32 7 2 6 5 1 8 3
16 2 6 5 4
19 4 5 6 2
21 2 6 5 4 3 8 1 7
7 2 1 8 3 4 5 6
10 6 5
12 1 8 3 4 5 6 2
31 4
45 5
47 5 6 4 7 2
11 6 5
72 3 6 5 4
75 4 5 6
1 8
34 3 8 1 5 6 2 7 4
37 4 7 2 6 5 1 8 3
22 2
105 6 7 1 8 3 4
108 4
5 7 2 1 8 3 4
10 2
14 7 1 8 3 4 5 6 2
9 7
19 7 1 8 3
43 1 5 6 4 7 2 8 3
79 7 1 8 3 4
82 4 3 8 1 7
85 7 1 8 3 4
66 3 6 5 2 7 1 8 4
68 4 8 1 7 2
70 2 7 1 8 4 5 6 3
84 6 2 5
111 2 5 6 7 1 8
114 8 1 7 6 5 2
50 2
53 2 7 8
108 3 8 1 7 6 5 2
39 2 7 4
45 3 8 2 7 4 6
48 2 7 4 6 5 1 8
0 8 7 6 5 4 3 2
1 2
3 2
87 4 3 8 1 7
90 7 1 8 3 4 5 2
91 2 5 4 3 8
54 1 5 6 4 8 7 2 3
56 3 2 7 8 4
57 4 8 7 2 3 6 5 1
62 4 8 1
100 8 3 4 5 2
103 2 5 4 3 8 1 7 6
1 7
3 5 6
6 6 5 4 3 8 1 2
59 1 5 6 3 2 7
62 7 2 3 6 5
65 5 6 3
