283 6
1965 3 4 2 8 5 1 7 6
2054 6 7 1 5 8 2 4
2131 4 2 8 5
2131 7 6 3
2131 1
2217 3
2256 3
561 6 3
2155 4 2 8 5 1
2289 4 2 8 5 1 7 6
2313 6
2313 7 1 5 8
60 4 5 6 7
2313 2 4
2388 6 4 2 8 5 1 7 3
2433 3 7 1
2547 5 3 7 1 8 2 4
2511 1 7 3 5
197 6
1325 4 6 2 5
2635 4 2 8 1 7 3 5 6
2727 6
2347 7 1 5 8 2 4
2800 6 5 3 7
286 7
2848 7 3 5 6 1 8 2 4
2870 4 2 8 1 6 5
2217 6 7 1 5 8 2 4
2952 5 6 1 8 2 4
2952 3 7
2996 7 3 4 2 8
3065 8 2
3066 5 6
3065 4 3 7 1 6 5
3152 6 5 1
3233 1 5 6 2 8 7
3278 7 8 2 6 5
3351 5 6 2
3515 4
3446 2 6 5 8 7 1 3 4
3157 3 7 8 2
3593 4 3 1 7
3683 7
3711 7 1 3 4 8 5 6
3730 6 5 8 4 3 1
3759 8 5
3759 1 3 4
3789 4 3 1 6 7
3817 5 8 7 6 1 3 4 2
425 5 8 7
561 2 1
1481 2 5 7 8 6 4 3 1
1575 2 5 7 8 6 4
1485 1 3 4 6 8 7 5 2
1642 4 6 8 7 5 2
1730 2 5 7 8 6
1824 6
1824 8 7
1037 5 8 7 4 3 1 2
118 3 2
1828 7 8 5 2 4 3 1
1905 1 3 4 2 5 8
1951 8 5
1730 1 3 4
1956 5 8 2 4 3
1058 2 1 3 4 7 8 5
1115 5 8 7 4 3 1
1275 6 2 5 8 7
1210 1 3 4 7 8 5 2 6
1348 8 7 5 2 6 4 3
1325 7 8
1411 8 7 5 2
1407 3 4 6 2 5 7 8
0 8 7 6 5
154 7 6 5 4 1 2 3
425 4 1 2 3 6
324 5 4 1 2 3 6 7 8
484 4 7 8 5
118 1 4 5 6 7
197 7
720 2 1 5 8 7 4 3
118 8
60 2 3 8
229 5 4 1 2 3
376 8 7 6 3 2 1 4
10 5 6 7 8 3 2 1
43 1
631 4 7 8 5 1 2
273 3 2 1 4 5
27 1 2 3 8 7 6 5 4
43 4 5 6 7 8 3 2
85 8 3 2 7 6 5 4 1
484 6 3 2 1
966 3 4 7 8 5
555 5 8 7 4
0 4
197 3 2 1 4 5
800 3 4 7 8 5 1 2 6
882 6 2 1 5 8 7 4 3
