885 8 2 5 4 7 1 3 6
963 7 1 3 6 4 5
1061 6 4
113 4 3 6
989 5 4 6
906 6 3 1 7
1079 3 5 6 4 1 7 2 8
1063 4 6 5 3
45 2
1809 3 7 8 6 4 1 2 5
1677 3 2
1764 8 6 4 1
1336 5 3 2 8
1630 8 6 4 1 7 2 3
1807 1 4 6 8 7 3
1680 2 3 7 1 4 6 8
1865 5
1536 7 1 4 6 8
84 3 4 5
113 1 8 7
110 5 4 3 6 7 8 1
0 8 7 6 5 4 3
244 7
227 7
215 2 5 4 3 6 1 8 7
335 2 6
813 2 8
514 7 1
453 3 4 5 8 2 6 1 7
739 2 8 5 4 7 1 3 6
691 3 1 7 4 5 8 2
722 2
794 6 3 1 7 4 5 8 2
144 7 8 1 6 3 4 5 2
569 4 5 8 2 6
20 2 1
532 1 7 6 2 8 5 4
641 6 2 8 5 4 7 1 3
45 1
2438 3 8
2762 6 3 8 4 5
2678 8 3 6
2268 4
2523 8 3 6 4 5 2 1 7
2788 5 4 8 3
2594 7 1 2 5 4 6 3 8
2371 7 1 2 5 4 6 8 3
2268 1 2 5
2233 3 8 6 7 1 2 5 4
265 5 4 3
2334 4 5 2 1 7
1161 3 5 6 4 1 7 2 8
1121 8 2 7 1 4 6 5 3
1204 8 2 7 1 4 6 5 3
1469 3 2 8 6 4 1 7
1336 7 1 4 6
1466 7 1 4 6 8 2 3
1280 3 5 6 4 1 7
265 6 1 8
1398 6 4 1 7
393 1 6 2 8 5 4 3
227 8 1 6 3 4 5
335 1
97 8 7 6
312 3 4 5 8 1 6 2
84 8 7 6
1992 4
813 1 7 4 5
1992 1 2
1865 2 1 4 6 8 7 3
989 1 3
1923 3 7 8 6 4 1 2 5
2129 7 1 2
2129 4 5
2052 3 7 8 6 5 4 2 1
1596 3 2
1994 4 5 6 8 7 3
2090 8 6 5 4 2 1 7
1536 2
2082 1 2 4 5 6 8
1983 5 2 1 4
378 7 3 4 5 8 2 6
2161 2 1 7 6 8 3
0 2 1
