543 8 5
1338 4 3 8 5
1422 5
1438 5
632 3
543 1 7 6
1484 4 3 8 2
1471 7
1569 2 8 3 4
1402 1 2 7
115 8 4 3 2
1338 6 7 2 1
1191 7 6 8 5
115 7 6 5
253 2 3 4
437 4
543 4 2
375 4 3 2
256 8
0 1
63 1
437 3
1582 6 1
1504 7 1 6
256 5
303 4 3 2 8 5 6 7 1
838 3 4 2 1 7 6 8 5
797 3 4 2 1 7 6 8 5
814 5 8 6 7 1 2 4 3
919 5 8 6 7 1 2
1105 2 1 7 6 8 5 4 3
63 7 6 5 2 3 4 8
1167 3 4 5 8 6 7
1422 8 3 4
543 3
523 3 4 2 1 7 6 5 8
437 8 5 6 7 1 2
375 1 7 6 5 8
0 8 7 6 5 4 3 2
729 5 8 6 7 1 2 4 3
17 8
253 1 7 6 5 8
17 2 3 4
21 4 3 2 5 6 7
631 5 8 6 7 1 2 4
686 4 2 1 7 6 8 5
238 1 7 6 5 8 4 3 2
1291 3 4 1 2 7 6
1281 5 8 6 7 2 1 4 3
1167 1 2
993 2 1 7 6 8 5 4 3
111 1
1040 3 4 5 8 6 7 1 2
140 7 6 5
1639 4 3 8
172 2 3 4 8 5 6 7 1
