2657 7 5 1 3 6
821 2
639 5 1 8 3 6
51 1 2
317 3 8 4
528 1 5 6 7 2 4
0 2
317 2 7 6 5
621 3 8 1 5
262 3 8 4 5 6 7 2
607 4 2 7 6 5 1 8 3
197 1
84 2 1 3 8 7 6 5 4
70 5 6 7 8 3
197 7 6 5 4 8 3
947 2 4 7 5 1 8 3 6
1039 7 3 8
1048 6 4 2
7 3 8 7 6 5 4 2 1
952 7
874 6 3 8 1
621 4 2 7
829 7 5 1 8 3 6
909 1
999 2 4 6
1091 7 3
1058 8 3 7
978 5 1 8 3 6 4 2
1551 6 5 2 4 3 7 1
140 3 8
1603 1
1689 8 7 3 4 2
1721 2 4 3 7 8
1667 6 5 2 4 3 7 8
403 5 6 7 2 4 8 3
51 4 5 6 7 8 3
874 5 7 4 2
173 2 1 3 8
1341 1 7 3 4 2
1127 3 7 2 4 6 8 1
1277 3 7 1 8 6
1191 1 8 6 4 2
1341 6 8
1267 2 4 6 8 1 7 3
2820 6 3 1 5
2579 1 5 7 4 2
2657 2 4
2463 2 4 7 5 1 3 6
2291 1 7 4 2 5
2804 7 5 1 3 6
357 1
2741 4 2 6 3 1 5 7
2442 7 4 2
2199 2 4 3
2224 8 6 3
2224 7 1
952 6 3 8 1 5
2187 7 1 8 6 3 4 2
710 4 2 7
2199 6 8 1 7
2367 5 2 4 7
1998 7 8 6 1 3 4 2
1942 2 4 3 1 6 8 7
1623 8 7 3 4 2 5 6
1772 5 6 1
733 6 3 8 1 5 7
140 2 1
1916 7 8 6 1 3 4 2
1803 1
1465 1 7 3 4 2
1191 5 3 7
2142 8 6
2110 1 6 8
999 5 1
1999 2 4 3 1 6 8 7
1822 6 8 7
192 2
2032 7 8 6 1
2174 6 8 1 7
1822 4 3
1772 8 7 3 4 2
281 1
1814 2 4 3 7 8 6
4 4 5 6 7 8 3
733 2 4
528 3 8
1465 5 6 8
140 4 5 6 7
1390 2 4 3 7 1 8 6 5
1551 8
821 4
2495 6 3 1 5 7 4 2 8
446 3 8 4 2 7 6 5 1
857 4
1518 1 7 3 4 2
1053 5
2142 4 3 7 1
2507 8 2 4 7 5 1 3 6
2579 6 3
0 8 7 6 5 4
