664 4 5
575 8 2 3 4 5 7 6 1
208 3 2
496 1 6 7 5 4 3 2 8
608 1 6 7 5 4
458 8 2 3 4 5 7 6 1
328 1 6 7 5 4 3 2 8
199 2
45 6 5 4 3
380 8
983 4 5 8
1071 4 2 3
966 1 6 7 3 2 8 5 4
380 3 2
1071 8 5
199 5
110 5 4 3 2 8
199 8
68 7 8 2 3 4 5
32 6 5 4 3
2321 7 1 6 2 3 5 4
2185 4 8
2040 7
1887 7 1 6 5 8 4 2
1077 1 6 7 8 5
2296 3 2 6 1 7
1988 5 8 4 2 6 1 7
2185 5
2337 4 5 3 2 6 1 7
1980 2 4 8 5
2135 3 5 8 4
798 2 3 7 6 1
745 8 1 6 7 3 2
608 3 2
199 4
699 2 3 7 6 1 8
846 1 6 7 3 2
1750 2 4 8 5
1654 6 1 7 3
1750 3 7 1 6
1584 1 7 3 2 4 8 5
1768 6
1654 5 8 4 2
1553 5 8 4 2 3 7 1
1799 6 1 7
2879 2 3 7 8 6 1
3132 1
3013 6 8 7 3 2
3132 4 6 8 7 3
3085 2 3 7 8 6 4 1
3232 5 1 4 6 8 7
2984 4 2 3 7 8 6
10 3 4 5 6 7 8 2
3132 2
3198 2 3 7 8 6 4 1 5
2716 5 4 1 6 8 7 3 2
2794 7 3 2
1243 3 2 4 5 8 7
2944 1 6 8 7 3 2 4
2733 2 3 7
1474 8 5
983 1 6 7 3 2
1243 1 6
1425 3 2 4 5 8
1011 3 2
798 5 8
1195 1 6 7 8 5 4
1208 4 5 8 7 6 1
1334 6 1 7 8 5 4 2 3
380 6 7 5 4
872 2 3 7 6 1
0 8 7 6 5 4 3
2629 1 4 5
248 8 2 3 4 5 7 6 1
1167 3 2 4 5 8 7 6 1
2228 7 1 6 2 3
2423 7 1 6 2 3 5 4
2442 4 5 3 2 6
32 2 8 7
2442 8 7 1
110 7
2195 8 4 3 2 6 1 7
2525 6 2 3 5 4 1 7 8
2040 1 6 2 4 8 5 3
2602 7 8 6
2135 1 6 2
2591 8 7 1 4 5 3 2
2602 2 3 5 4 1
