397 3
325 2 1 5 4
309 2 1 5 4 3
301 4 5 1 2
313 3 4 5 1 2
293 2 1 5 4
317 2 1 5 4 3
285 4 5 1 2
321 3 4 5 1 2
277 2 1 5 4
215 2
119 1 5 4 2
113 3 2 4 5 1
109 5 4 2 3
115 1 5 4 2 3
105 3 2 4 5
117 3 2 4 5 1
101 5 4 2 3
219 3
253 2 1 5 4
273 3 4 5 1 2
245 2 1 5 4
265 3 4 5 1 2
237 4 5 1 2
269 2 1 5 4 3
229 2 1 5 4
247 3
215 4 5 1 3
211 4 5 1 3 2
201 2 3 1 5
207 4 5 1 3 2
197 5 1 3 2
213 2 3 1 5 4
193 2 3 1 5
209 2 3 1 5 4
189 5 1 3 2
93 1
49 1 3 2 4
43 5 4 2 3 1
39 3 2 4 5
47 5 4 2 3 1
35 5 4 2 3
45 1 3 2 4 5
31 3 2 4 5
29 1 5 4 2 3
189 4
183 2 3 1 5
177 2 3 1 5 4
171 5 1 3 2
180 4 5 1 3 2
165 2 3 1 5
162 4 5 1 3 2
13 2
93 3 2 4 5
89 1 5 4 2 3
81 2 4 5 1
77 3 1 5 4 2
333 3
397 4 5 1 2
385 3 2 1 5 4
365 4 5 1 2
389 4 5 1 2 3
357 2 1 5 4
377 3 2 1 5 4
349 4 5 1 2
381 4 5 1 2 3
341 2 1 5 4
393 3 2 1 5 4
333 4 5 1 2
13 5
152 3 1 5 4
147 2 4 5 1 3
137 1 5 4 2
13 1
69 4 5 1 3
65 2 3 1 5 4
57 5 1 3 2
53 4 2 3 1 5
13 4
10 5 1 2 3
7 4 3 2 1 5
5 1 2 3 4
8 5 1 2 3 4
3 4 3 2 1
9 4 3 2 1 5
1 1 2 3 4
0 5 4 3 2 1
31 1
135 2 4 5 1
131 2 4 5 1 3
129 1 5 4 2
132 3 1 5 4 2
127 2 4 5 1
133 2 4 5 1 3
125 1 5 4 2
134 3 1 5 4 2
123 2 4 5 1
12 3 2 1 5 4
13 3
