63 1 8 7 4 3 2
100 5 6 7 4 3
28 5 6
449 1 5 6 3 7 8
440 7 3 6 5 1
476 6 3 7 8 5 1 2
431 2 8 1 5 6 3 7
468 8 7 3 6
481 5 8
479 7 3
485 3 7 8 5 1 2 6
479 2 1 5 8
528 7 8 5 1 6 3 4 2
494 6
529 2 4 3 6 1
519 6 1 5 8 7
518 2 4 3 7 8 5 1 6
494 4 3 7 8 5
501 5 8 7 3 4 2
492 6 2 1 5 8 7 3 4
494 1
550 7 8 5 2 4 3 6 1
548 1 6 3 4 2 5 8 7
545 1
529 5
569 1 6
535 7 8
529 7 8
571 7 8 5 2 4 3
569 3 4 2 5 8 7
589 4 3 1
611 5 8 7 6 2
575 3 4 2 5 8 7 6
595 2 6 7 8 5
589 5 8 7 6 2
584 6 7 8 5
16 5 6 7
245 6 1 2 3 4 7 8
132 6 7 4
96 1 8 2 3 4 7 6 5
258 5
2 8 5 4 3 2 1
100 2
265 8 7 4 3 2 1
258 6 1 2 3 4 7 8
360 7 4 8 1 2 3 6
347 3 2 1 8 4 7
370 1 8 4 7
331 8 1 2 3
185 5 8 6
370 6 3
370 2
389 5
384 2 7 4 8 1 3 6 5
389 6 3 1 8 4 7 2
403 2 7 4
410 5 6 3
405 4 7 2 8 1 3 6 5
417 3 6 5 1 8 2
43 6 5 1
185 1 2 3 4 7
21 7 6 5 1 2 3 4
198 7 4 3 2 1 6
43 8 7 4 3 2
274 1 2 3 4 7
225 7 4 3 2 1 6
292 8 6
292 3 2 1
300 6 8 1 2 3 4 7
292 7 4
100 8
36 6 5 1 2 3 4 7 8
250 8 7 4 3 2 1 6 5
83 7 4 3 2 8 1
8 4 3 2 1 5
53 5 6
64 5 6
53 2 3 4 7 8 1
132 3 2
73 2 3 4 7
4 7 6 8
112 3 4 7 6 5
0 8
166 6 7 4 3 2 1
4 1 2 3 4
0 7 6
78 5 6
149 8 1 2 3 4 7 6
12 5 1 2 3 4 8
311 7 4 3 2 1 8
207 6 1 2 3 4 7
4 5
132 1 8
116 5 6 7 4 3 2 8 1
16 8 4 3 2 1
21 8
28 4 3 2 1
