1845 1 8
1874 5 2 4 7 3
1942 2 4 7 3
1829 4 7 8 1 3
1942 1 8 5
1845 3
1897 3 7 4 2 5 8 1
1783 6 5 2 3 1 8 7 4
2493 8 7 4 2 5 3
2615 7 8 6 1 5
2589 1 6 8 7
2588 3 5 2 4 7 8 6 1
2589 4 2
1428 8 3
1371 1 4 6 5 2
1607 3 2 5 6 4
1604 7 8 1
1489 3
1540 8 7
705 3 7 6 1 2
787 2 1 6 7 3 5
424 7 3 4 8 5
338 1 7 3 4 8 5 2 6
424 2
389 6 2 5 8 4 3 7
52 1 2 3 4 8 5 6 7
0 7 6 5
0 4 3 2 1
1510 1
1652 4 6 5 2 3 1 8 7
260 8 4 3
1715 7
584 1 6 7 3
1428 2 5 6 4 1
1742 7 8 1 3 2 5 6
206 7 1 2 3 4 8 5
102 7
154 5 8 4
301 2 1 7 3 4 8 5
220 5 8 4 3 2 1 7
260 7 1 2
317 5 8 4 3 7 1
2042 4 7 3 5
634 4 8 5
974 7 6 1 5 2
715 4 8 5
1512 1 4 6 5 2 3 8 7
1540 4 6 5 2 3
1523 7 8 3 2 5 6 4
622 4 8 5 2 3 7 6 1
634 1 6 7 3
555 2 5 8 4
163 5 8 4
1246 1 5 2 8 3
1268 3 8 2 5 1 4 6
1138 7 6 4 3 8 2 5 1
1296 6 4 1
1240 6 4 3 8 2 5 1
1345 8 2 5 6 4 1
1320 1 4 6 5 2 8
1225 1 5 2 8 3 4 6
154 3 2 1 7
146 1 2 3 4 8 5
102 6 5 8 4 3 2 1
2308 2
2308 4 7
2272 3 5 6 1 8 7 4 2
2308 8 1 6
2425 3 5 2 4 7 8
2425 1 6
2379 6 1 8 7 4 2 5 3
11 5 8
443 5 8 4 3 7 6
495 7 3 4 8 5 2
495 6
2128 3 5 6 1 8 7
2086 8 1 6 5 3
1845 7 4 2 5
2042 6 1 8
1989 5 8 1 6
2182 7 8 1 6 5 3
2799 8 6 1 5 7
2934 1 6 4
2934 2 8 7 5
2929 6 1 5 7 8 2
2882 7 5 1 6
2707 5 1 6 8
3008 3 1 6
2993 4 6 1 3
965 1 6 7 3
883 5 3 7 6 1
1014 8 2 5 1 6 7
1040 4 3 8 2 5 1
968 8
0 8
502 1 6
1024 7 6 1 5 2 8 3 4
968 3 7 6 1 5 2
1077 1 5 2 8 3 4 6 7
146 6
