2649 2
2864 1
2733 1 2
2825 1
2776 2 1
2563 1 2
284 2
385 1
284 1
358 1
0 2
923 2 1
721 2
40 1
276 1 2
199 2
199 1
40 2
156 1 2
879 1 2
849 1
786 1
0 1
3370 1
3173 2 1
3256 1
5 2
3284 1
3436 1 2
3510 2
721 1
630 2 1
114 2 1
77 1 2
3604 1
3890 2 1
4022 2
4094 2 1
3899 1
3536 2 1
3957 1 2
1431 2 1
1573 1 2
1511 1
1198 2
463 2
396 1 2
1719 1
1839 2 1
1851 1 2
1646 1
1759 1 2
1612 2 1
493 1
567 1 2
463 1
860 2
3785 1 2
3630 1 2
3875 2
836 2
6 2
3740 2 1
3647 2
18 1 2
1964 2
1989 2 1
1854 2 1
1865 1
1928 1 2
3134 1
3079 1 2
2947 1 2
3112 2 1
2649 1
2969 2 1
3054 1
3159 1 2
1027 2 1
1120 1 2
1003 1 2
1225 1
1198 1
1156 2 1
2544 1
2322 1 2
2471 2 1
2429 1 2
1646 2
2397 2 1
1380 2 1
1295 1 2
802 2
1425 1 2
2066 1 2
2230 2 1
2276 2 1
2253 1 2
2151 2 1
2176 1 2
