398 2
369 2
467 4
467 5
494 5
345 2
422 4
334 1
14 5
355 1
250 1
0 4
263 3
0 5
182 3
20 2
63 2
316 3
271 5
344 7
287 3
335 3
4 8
67 2
56 3
11 6
57 3
106 8
189 8
27 1
106 5
0 6
311 8
163 3
158 1
384 8
261 6
321 6
161 6
202 6
19 4
171 7
21 6
95 6
143 4
74 6
41 5
315 2
241 2
292 2
6 7
233 8
0 8
191 8
39 7
265 7
439 6
369 5
390 5
392 6
312 5
438 3
348 3
438 7
0 2
126 3
87 3
81 8
19 3
144 2
79 8
0 7
164 2
39 8
0 1
297 7
322 7
0 3
289 7
328 4
64 4
537 1
97 7
190 5
428 5
444 1
366 1
132 1
82 1
224 4
311 4
