10 8 3 4 7 6 5
118 4
25 8 4 7 6 5
107 5 4
45 7 4 2 1
4 1 2
131 7 8 4 6 1
70 8 7 3 6 5
18 1 2 3
0 8
90 7 3 6 5 4
95 4 5 6
1 3
101 2 3 6 5 4
107 1 2 3
110 3
9 5 6 7 4 3 8
118 2
42 7 6 5 3 8
53 8
45 8 3 5 6
109 8 7
138 2 7 8
7 5 6 7 4 3 8
107 6
60 3
80 1 4
39 1 2 4 8
56 6 5 3
117 2 7 8 4 5 6 1
0 7 6 5 4 3
81 2
11 5 6 7 4 3
118 8 7
27 4 8
24 1 2 3
90 8
110 2
33 7 8 4 2 1
48 8 7
85 6 3 7 8
48 1 2 4
8 8 3 4 7 6 5
118 5
23 5 6 7 4 8
65 6 1
21 2 3
52 4 2 1
132 1 6 4 8 7
80 8 7 3 6 5
15 1 2 3
85 5
1 4 5 6 7
85 1
15 8 5 6 7 4
65 4 2
30 1 2 4 8
70 2 4 1
5 8 3 4 5 6 7
56 7
17 4 7 6 5 8
60 2 4
30 7 6 5 3
0 2
95 3 7 8 1 2
100 1 8 7
100 2
6 7 6 5
87 2
21 4 7 6 5
75 4 1
39 3 5 6 7
52 3 5 6
106 4 5 6 3 2 1
3 8 3 4 5 6 7
111 3
19 8 5 6 7 4
103 7 8
36 7 6 5 3
65 3 7 8
119 3
140 3
161 3
182 3
203 3
224 3
75 5 6 3 7 8
27 5 6 7
2 7 6 5 4 3 8
75 2
13 3 4
8 1 2
33 3 5 6
48 6 5 3
4 7 6 5 4 3 8
58 8
13 7 6 5 8
118 1 6
36 1 2 4 8
60 5 6 1
