393 8 2 3 4 7 1 6
375 7 4 3 2 8
407 1 7 4 3
407 6
431 7 4 3 6 1 2 8 5
408 3
411 3
434 5 8 2 1 6 3 4
418 6 3 4 7
450 4 3 6 1 2 8 5
408 8 2 1 7 4
418 5 8 2 1
464 5 8 2 1 6 3 4
5 8
136 6 7
493 7 4 3 6 1 5 2
485 5 1 6 3 4 7
485 8 2
470 5
247 2 7 4 3 5 6 1 8
527 6 3 4 7 1 5
519 7 4 3 6
535 8 2 6
502 5
535 5 1 7 4 3
550 3 4 7 1 5 6 2 8
510 1 6 3 4 7
1 2
502 7 4 3 6 1
53 4
498 2 5 1 6 3 4 7
569 8
569 2 6 5 1
297 6 5 3 4 7
228 2 7 4 3 5 6 1
315 7 4 3
257 8 1 6 5 3 4 7
325 3 4 7
470 4 3 6 1 2 8
329 1 8 2 3 4
569 7 4 3
179 2 1 6
582 3 4 7 1 5 6
94 3 4
593 7 4 3 2 8 1 5 6
519 2 5 1
589 8 2 3 4 7
585 6 5 1 7 4 3 2 8
94 6
649 8 2 3 4 7 1 5 6
624 8 2 3 4 7 1
634 1 7 4 3 2 8
610 6 5 1 8 2 3 4 7
615 7 4 3 2 8
315 5 6 1 8 2
120 6 7
243 1 6 5 3 4 7 2
342 7 4 3 2 8 1 6 5
355 5 6 1
329 7
120 2 5 3 4 1
159 6 7 4 3 5
124 2 8
125 5 3 4
124 1 4 3 5
4 3
30 1 4 3 5 6 7 8 2
61 6 7 8 1
53 8 7 6
0 8 7 6 5 4 3 2 1
199 7 4 3 5 6 1
17 2 8
211 1 6 5 3 4 7 2
4 4
1 3 4 5 6 7
53 5 3
45 1 4 3 5 6 7 8
136 4 3 5 8 2 1
107 7 8 1 4 3 5 2
11 2 8 7 6 5 3 4 1
159 8 2 1
17 1 4 3 5 6 7
22 7 6 5 3 4 1
94 1 8 7
1 1
81 5 3 4 6 7 8 1
179 5 3 4 7
71 1 8 7 6 4 3 5
4 7 6 5
127 2 8
8 5 6 7 8 2
277 7 4 3 5 6
355 8 2 3 4 7
38 2 8 7 6 5 3 4 1
1 8
94 2 5
151 1 2 8 5 3 4 7 6
