1175 1 8 2 4
1214 4 2 8 1 5 7 6
465 2 1 8
1104 4 2 8 1
1033 3 6 7
445 8
892 4
387 5 4 8
810 6 8 1 5 2 7 4
83 1 5 4 3
368 2 8 4 5
296 2 8 4 5 1 6
314 3 7
1812 5 7 3 4 8
1747 3 7 5
1747 8 4
1676 5 7 3 4 8
1611 6 2 8 4 3 7 5
912 8 1 5
300 7 3
1504 5 7 6 2 8 4 3
596 2 5
506 2
85 7
162 6 1 5 4
117 8 2 3
62 2 8
1 1
1 3 4 5 6 7 8 2
3111 7 1 2 4 5 8 3
3023 5 8
3173 3 8 5 4
2931 1
2931 2 4 8 5
3049 8 5 4 2 1 7
2889 8 4 2
2819 7 1 5 2 4 8
2790 3 8 4 2 5 1 7
2741 2 4 8 3
2656 8 4 2
2651 3 2 4 8
2570 1 5 8 4 2 3
2477 2 4 8 5 1
1995 1 8 4 3 7
2050 7 3 4 8
1932 7 3 4 8 1
167 7
1577 3 4 8 2 6
1420 7 5
1420 2 6
1420 1
1335 8 1 5 7 6 2
1033 2 8 1 5
1052 5 1 8 2 4
1276 6 7 5 1 8
961 5 1 8 2 7 6 3
892 7 2 5 1 8
2436 7 3 1 5 8 4 2
2375 4 8 5 1 3 7
2354 1 5 8 4
2302 2 7 3 4 8 5 1
2143 2 7 3 4 8
1890 8 4 3 7 5 2 6
2084 8 4 3 7 2
2024 5 2
2235 8 4 3 7 2
1432 3 4 8 2 6
1932 6 2 5
1104 3 6 7 5
398 2 1
62 5
65 4 5
634 7 6 8 1 5 2
634 4
596 1 8 6 7 4
718 2 5 1 8 6
509 5 4 7 6 8 1
450 6 7 4 5
398 7 6
368 1 6 7
342 6 1 5 4 8 2
244 3 7
0 8 7 6 5 4 3
87 6 1 5 4
244 6 1 5 4 8 2
210 3 2 8 4 5 1 6
62 7 6
