0 8 7 6 5 4 3 2
76 2 3
1097 3 5 7 1 4 6 8
587 2 6
1438 4 5 7 2 3 6 1 8
1492 8 1 6 3
781 1 4 3 5
1380 6 3 2 7 5
1550 3
690 2 6 5 3 4 1
1620 3 6 1 8 2 7 5 4
1550 6
1775 7 5 4 2 8 1 6 3
1714 4 5 7
1550 2 8 1
1782 3 6 1 8 2 4
1782 5
1866 4
1492 4 5 7
1898 4 2 8 1
1916 5
1916 1 8 2 4 6 3
1968 5 3 6 4
2016 4 6 3 5 2 8 1 7
2048 7 1 8
2143 8 1 7 2 5 3 6 4
2225 4 6 3 5 2 7 1 8
2274 8 1 7 2 5 3 6
1866 5 3 6 1 8 2
2341 6 3 5 2 7 1 8
2416 8 1 7 2 5
2559 4 6 3 8 1 7
2416 6 3
2504 5 2 7 1 8 3 6 4
2589 7
2589 1 8 3
2684 3 8 1 7
2048 2
2728 7
2728 1 8 3 6
150 3 5
2728 4 2
2768 2 4 6
2861 6
2861 4 2 7 3
2930 6 3 7 2 4 8 1 5
2985 5 1 8
3010 8 1 5 4 2
3096 2 4 5 1 8 7 3
3180 3 7 8 1 5 4 2 6
2740 5 1 8 3
3273 6 2 4
3303 4 2 6 5 1 8
3328 8 1 5 6
3412 6 5 1
288 5 2
3468 3 7 4 2 8 6
3328 4 2
3391 2
3445 1 5 6 8 2 4 7 3
3536 6 8 2 4 7 3 5 1
168 2 6 7 8 1 4
134 8 7 6 2
244 4 1 8 7 6
103 3 2
327 6 7 8
103 6 7 8
346 8 7 6 1 4 2 5
349 5 2
349 4 1 6 7 8
441 2 5 8 7 6 1 4 3
517 3 4 1
622 5 3 4 1 8 7
528 1 4 3 5
690 7 8
715 8 7 1 4 3 5 6 2
781 2 6
0 1
866 6 2 5 3 4 1 7
915 7 1 4 3 5
965 5 3 4 1 7 2 6
975 6 2 7 1 4 3 5 8
1065 8 5 3 4 1 7 2 6
1067 6 2 7 1 4 3 5
1068 4 1 7 2
1068 5 3
1079 2
1148 8 6 4 1
1148 7 5 3 2
1187 2 3 5 7 1 4 6
1247 6 4 1 7 5
1314 5 7 1 4 6 3 2
1364 2 3 6 4 1
1380 1 4
1422 4
517 6 7 8
244 5 2
76 4 5 6 7 8
98 8 7 6
98 5 4 1
