1494 6 1
634 1 3 4
1584 2 3 4
1584 1 6
1633 6 1 5
1714 5 1 6 4 3
1740 1 6 4 3 5
27 1 3 4 5
1735 3 4 6 1
747 4 3 5 6 2
401 3 4 2 6 5
770 2 6
797 6 2 5 3 4
845 4 3 5 2 6 1
304 1 3 4
324 2 6 5
1 6 2
373 5 6 2 4 3
2 5 4 3
53 2 6
697 6 5
1246 4 1 6
1156 5 3 2 6 1 4
1334 6 1 4 3 2
142 4 3 1 6 2 5
7 2 6
496 3 4 2 6 5
81 5 4 3 1 6 2
697 1 2
770 1 4 3 5
1494 4 3 2
1798 5 3 4 6 1
1807 1 6
1861 6 1 4 3 5 2
1949 2 5 3
2025 3 5 2 4 1
2055 1 4 2 5 3 6
2070 2
252 6 2
2070 6 3 5
897 1 6 2 5 3 4
682 2 6 5 4 3
1402 2 3 4 1 6
697 3 4
951 4 3 5 2 6 1
85 5
590 3 4
1246 2 3
2126 2 5 3 6 4 1
1071 4 1
2245 5 3 6 4 1
2158 1
252 5
2338 1 4
2434 4 1 6 3 5
658 1 3 4
2158 4 6 3 5
2466 5 3 6 1 4 2
1949 6 1 4
2511 2 4 1 6
2568 6 1 4 2
2624 2
2660 1 6
2660 2 4
2672 6
2698 6 1 4 2 3 5
1071 6 2
85 2 6 1 3 4
188 5 2 6 1 3 4
402 5 6 2 4 3
1 3 4 5
0 6 5 4 3
2 1
252 4 3 1
590 5 6 2
1011 1 6 2 5 3
1071 3
1071 5
