4921 5 1 3 4 2
5169 4 3 1
5088 1 3 4 2 5
5409 2 1 3
5322 6 4 3 1 2
1629 3 2 6 1 4
342 6 5 4
5499 3 1 2 4 6
5015 2 4 3 1
5169 5 2
3234 2 1 3
5766 4 2
5681 3 1 2 4
5922 5 4 2 1
845 1 6
5849 2 4 5
6002 1 2 4 5
4123 6 4 3 1
1803 4 1
4593 6 2 4
3080 6 4 3 1 2
3316 4 6 5
3153 2 1
157 1 2
3234 5 6 4
183 3 6 5 4
2486 1 3 2
3409 5 6 4 3
3566 5 6 4 3 1
3481 3 4 6 5
93 4 5 6 3
585 4 5 6
663 6 5 4 3 2
824 5 4 3 2
513 3 6 5 4
752 2 3 4 5
72 1 2
894 2 3 4 5
0 6 5 4
356 1 2
5842 6 3 1
6174 2 4 5 1 3
4276 2 5 1 3 4
6095 5 4 2
5766 1 3 6
6336 1 3
5240 1 3 4 6
6250 3 1
2407 4 6 2 3 1
5590 6 4 2 1 3
1373 5 4
1293 3 2 6 4 5
1220 5 4 6 2 3
1373 6 2 3 1
1060 6 2 3
424 4 5 6 3
1144 3 2 6 4 5
268 3 2 1
1536 6 2 3
1461 1 3 2 6
4593 5 1 3
4445 5 1 3 4
585 1 2 3
4750 5 1
4750 3 4
3653 1 3 4 6 5
4842 4 3 1 5
4668 3 1 5
4516 4 3 1 5
4358 4 3 1 5
2218 6 2 3 1
1719 4 1 6 2 3
971 5 4 3 2 6
1971 1 3 2 6
1803 3 2 6
2043 6 2 3 1
2312 1 3 2 6 4
268 4 5 6
1895 6 2 3 1
2137 1 3 2 6
2566 2 3 1 6 4
2912 1 6 4 3
1536 4 1
2819 4 6 1
0 2 3
2744 3 1 6 4
2995 3 4 6
1060 1 5 4
444 1 2
2653 4 6 1 3
3153 3 4 6 5
3731 5 6 4 3 1
752 1 6
3801 1 3 4 6 5
3884 5 6 4 3 1
4045 1 5 2
4045 6 4 3
3959 1 3 4 6
4196 5 2
4123 2 5
