0 3 4
156 3 1 7 6
132 6 5 2 4
725 5 2 4 1 3 8 6
569 2 4 1 3 8
2282 8 5 6 7 1 2
3258 5 8 4 3 2 7 6 1
3340 1 6 7
2076 6 7 8 5 3 2 1 4
2084 4
2223 6 7 1 2
32 3 1
2986 1 6 7 2
3340 5 8 4 3 2
3630 8 4 3 2 7 6 1
3581 1 6 7 2 3 4 8
2479 3 2 1 7 6 5 8 4
2556 4 8 5 6 7 1 2
2579 3 4 8 5 6 7 1 2
2565 2 1 7 6 5 8 4 3
2669 2 1 7 6 5 8 4 3
2690 3 4 8 5 6 7 1
2755 1 7 6 5 8 4 3 2
2760 6 7
141 5 2 4
1546 3 7 1 4 2 5 8 6
855 2 4 1 3
1635 6 8 5
2986 5 8 4 3
244 3 1 7 6 5 2 4
3051 3 4 8 5
3140 5 8 4 3 2
3203 2 3 4 8 5
3421 7 6 1 2 3 4 8 5
1812 8 7
3466 5 8
3466 4 3 2 1 6 7
3722 1 6 7 2 3
3552 7 6 1
3774 3 2 7 6 1 4
132 8
357 8 3 1 7 6 5 2 4
186 8 4 2 5 6 7 1 3
1736 5 8
1635 3 7 1 4 2
2264 4 8 5 6 7 1 2
1354 3 7
2164 8 5 3 2 1 7 6
1440 7
11 3 4 8 7 6 5 2
616 7 6
0 8 7 6 5
1953 4 1 2 6 7 8 5 3
1483 6 8 5 2 4 1 7 3
2027 3 5 8 7 6
57 1 3
141 3 1 7 6
645 8 3 1 4 2 5
985 6 8 5 2 4
2295 3 2 1 7 6 5 8 4
2385 4 8 5 6 7 1 2 3
796 6 8 3 1 4 2 5 7
855 7 5
18 2 5 6 7 8
494 7 6 5
1736 7 1 4 2 6
891 6 8 7 5
55 4 2 5 6 7
423 4 2 5 6 7
477 7 6 5 2 4 1 3 8
299 4 2 5 6 7 1 3 8
2 5 6 7 8 4 3
94 3 1 7 6 5 2 4 8
1812 6 2 4 1
1426 4 2 5 8 6
1880 1 4
1880 3 5 6 2
2760 2 3 4 8 5
2800 5 8 4 3 2
1165 3 7 4 2 5 8 6 1
1251 1 6 8 5 2 4 7 3
1300 3 7 4
32 8 7 6 5 2 4
551 6 5
896 6 8 7
1112 6 8 5 2 4 7 3
1300 2 5 8 6 1
1370 1 6 8 5 2 4
2084 1 2 3 5 8
1681 5 8 6 2 4 1 7
2223 3
951 3 1 4 2 5
982 5 2 4 1 3 7
985 7 3 1
244 8
2893 2 3 4 8 5
55 8
494 8 3 1 4 2
0 1
1022 1 3 7 4 2 5 8 6
