369 2 1
832 2 1 3
914 3 1 2
0 1
1029 3 1
1044 1 3
1044 2
1124 3
1124 1 4 2
1150 2 4 1
1213 1 4 2 3
1242 2 4 1
1242 3
1310 1 4 2
1310 3
1375 2 4
1449 2 4 1
1415 4 2
1462 1 4
1515 4 1 2
1572 2
1577 2
2436 3 4 2 1
2490 1 2 4 3
2527 3
2576 3 4
2603 4 3 2 1
2641 1 2 3 4
2705 4 3 2
2729 2 3 4 1
2795 1 4
2890 3 2
2890 4 1
2952 1 4 2 3
3029 3
3100 3 2 4
3100 1
3188 4 2 3 1
3241 1 3 2 4
3278 4
3297 4 2
3349 2 4 3
3385 3
3443 3 4 2
3443 1
3524 1 2 4
3578 4 2
3632 1 4
3601 2 4 1
3679 1 2 3
3679 4
3713 3 2 1 4
3754 4 1 2
3763 2 1 4
69 4 3 2 1
0 4 3 2
21 2 3 4
101 1 2 3
174 3 2 1 4
259 4 1 2 3
268 3 2 1
332 4
369 3
332 1 2 3
416 1 3
486 4 3 1 2
476 3
487 2 1 3 4
560 1 3
551 4 3 1
636 3 1 4 2
708 2 4
796 4 2 1 3
832 4
830 3 1 2 4
708 3 1
1029 4
947 2 1 3 4
390 4
1658 2 1 4 3
1698 3 4 1
1723 1 4 3
1572 3 4 1
1765 3 4 1
1850 1 4
1850 3 2
1982 4 3
1912 2 3 4
2031 3
2110 1 2
2107 3 4 2 1
2182 2 1 4 3
2193 3 4 1 2
2204 2 1
2264 1
2264 2 4
2267 4 2
2298 2
2352 1 2 4 3
2321 2 1
