90 7
1030 7 4 5 1 8 3 2
1040 2 3 8
130 4 5 6 1 2 8 3
150 3
170 3
730 8 1 3 4 7
750 2 8 1 3 4 7
790 1 3 4 7
0 3
10 3 8 2 1
30 1 2 8 3 7 6 5
150 8 2 1 6 5 4
160 4 5 6
170 6 5 4 1
340 3 6 5 7 1
360 1 7 5 6 3 2
390 2 3 6 5 7 1 4
540 6 5 8 4 3 1 2 7
560 7 2 1 3 4 8 5 6
570 6 5 8 4 3 1 2
960 3 1 5 4 7 8
990 8 7 4 5 1
1000 1 5 4 7
610 8 4 3 1
660 7 6 5 8
670 8 5 6 7 4 3 1
930 2 8 7 4
1040 1 5 4 7
1090 3 8 7 4 5 1 2
900 1 3 4 7
920 7 4 3 1 5
930 5 1 3
0 8 7 6 5 4
10 4 5 6 7
40 5 6 7 3 8 2 1
400 4 1 7 5 6 3
410 3 6 5 7
440 7
20 5 6 7
100 4 5
200 8 2 3 6 5 4 1 7
20 4
260 2 7 1 4 5 6 3
280 3 6 5
1150 3 8 7 4 5 1 2
1180 2 1 5 4
1210 4 5 1 2
770 5 6 7 4 3 1 8 2
790 2 8
820 7 4 3 1 8 2 6
600 2 1 3 4 8 5 6 7
610 7 6 5
630 1 3 4 8 5 6 7
160 7 8 2 1
220 1 4 5 6 3
240 3 6 5 4 1 7 2
1000 2 3 8
1060 8 3
1120 2 1 5 4 7 8 3
50 1 2 8 3 7
60 7 3 8 2 1 6 5 4
90 4 5
320 4 2
350 4 2
460 7 2 4
50 6
450 2 4 1 3 6 5 8
460 8 5 6 3 1
700 1 3 4 7 6 5
730 5 6
750 6 5
290 5 6 3 2
310 2 3 6 5 7 1
320 1 7 5 6 3
760 8 1 3 4 7
840 6 2 8 1 3 4 7 5
870 5 7 4 3 1
170 7 8 2
410 8 2 4 1
520 7 2 1 3
190 1 4 5 6 3 2 8
220 7
280 4 1 7
0 1 2
90 6 1 2 8 3
120 3 8 2 1 6 5 4
440 5 6 3 1 4 2
490 1 3 6 5 8 4
520 4 8 5 6
